<information_composition version="5.0" metadata_version="2.68" window_size="FULL_SCREEN" width="1920" height="1080" xmlns:simpl="http://ecologylab.net/research/simplGuide/serialization/index.html"><clippings><image_clipping mm_name="document"><source_doc><document location="http://texasamcolstattx.library.ingentaconnect.com/content/oso/5175460/2003/00000001/00000001/art00003" title="ConnectComplete 2. The Constraining Effects of Initial Ideas" simpl:id="469093501"></document></source_doc><image mm_name="document" location="file://C:/Users/quyin/workspaces/ecologylab-backup/ecologylabSemanticsORM/resources/sample-compositions/cognitionNeuroscience-images/pasted-4.png" local_location="file://C:/Users/quyin/workspaces/ecologylab-backup/ecologylabSemanticsORM/resources/sample-compositions/cognitionNeuroscience-images/pasted-4.png"></image></image_clipping><text_clipping text="creativity is important to society, but it traditionally has&#10;been one of psychology&#39;s orphans"><source_doc><google_book location="http://books.google.com/books?id=d1KTEQpQ6vsC" title="Handbook of creativity" description="The Handbook of Creativity provides a comprehensive, definitive, and authoritative single-volume review of t he entire field of creativity. Twenty-two chapters introduce the field and deal with methods in studying creativity, origins of creativity, the self and environment in creativity, special topics in creativity, and conclusions. Each of the essays are written to be accessible to all educated readers." isbn="0521576040, 9780521576048" pages="490" about_the_authors="Robert J. Sternberg is Dean of Arts and Sciences at Tufts University. Prior to that, he was IBM Professor of Psychology and Education in the Department of Psychology, Professor of Management in the School of Management, and Director of the Center for the Psychology of Abilities, Competencies, and Expertise (PACE) at Yale. He continues to direct the Center from Tufts. He is the author of more than 1000 journal articles, book chapters, and books, and has received over $18 million in government and other grants and contracts for his research." cover_image="http://bks9.books.google.com/books?id=d1KTEQpQ6vsC&amp;printsec=frontcover&amp;img=1&amp;zoom=1&amp;edge=curl&amp;sig=ACfU3U1mfkbVXmb-KPyJeSTcKu2iscOlhw" category="Psychology" places_mentioned_kml="http://books.google.com/books/download/Handbook_of_creativity.kml?id=d1KTEQpQ6vsC&amp;output=kml" simpl:id="966529597"><authors><author mm_name="google_search" location="http://www.google.com/search?tbo=p&amp;tbm=bks&amp;q=+inauthor:%22Robert+J.+Sternberg%22&amp;source=gbs_metadata_r&amp;cad=9"></author></authors><publisher></publisher><subjects><subject mm_name="google_search" location="http://www.google.com/search?tbo=p&amp;tbm=bks&amp;q=+subject:%22Creative+ability%22&amp;source=gbs_metadata_r&amp;cad=9" subject="Creative ability"></subject><subject mm_name="google_search" location="http://www.google.com/search?tbo=p&amp;tbm=bks&amp;q=+subject:%22Creative+thinking%22&amp;source=gbs_metadata_r&amp;cad=9" subject="Creative thinking"></subject><subject mm_name="google_search" location="http://www.google.com/search?tbo=p&amp;tbm=bks&amp;q=+subject:%22Psychology+/+Cognitive+Psychology%22&amp;source=gbs_metadata_r&amp;cad=9" subject="Psychology / Cognitive Psychology"></subject><subject mm_name="google_search" location="http://www.google.com/search?tbo=p&amp;tbm=bks&amp;q=+subject:%22Psychology+/+Creative+Ability%22&amp;source=gbs_metadata_r&amp;cad=9" subject="Psychology / Creative Ability"></subject><subject mm_name="google_search" location="http://www.google.com/search?tbo=p&amp;tbm=bks&amp;q=+subject:%22Science+/+General%22&amp;source=gbs_metadata_r&amp;cad=9" subject="Science / General"></subject><subject mm_name="google_search" location="http://www.google.com/search?tbo=p&amp;tbm=bks&amp;q=+subject:%22Self-Help+/+Creativity%22&amp;source=gbs_metadata_r&amp;cad=9" subject="Self-Help / Creativity"></subject></subjects><common_terms><term_type mm_name="google_book" location="http://books.google.com/books?id=d1KTEQpQ6vsC&amp;q=ability&amp;source=gbs_word_cloud_r&amp;cad=5" term="ability" frequency="6"></term_type><term_type mm_name="google_book" location="http://books.google.com/books?id=d1KTEQpQ6vsC&amp;q=activity&amp;source=gbs_word_cloud_r&amp;cad=5" term="activity" frequency="6"></term_type><term_type mm_name="google_book" location="http://books.google.com/books?id=d1KTEQpQ6vsC&amp;q=Amabile&amp;source=gbs_word_cloud_r&amp;cad=5" term="Amabile" frequency="1"></term_type><term_type mm_name="google_book" location="http://books.google.com/books?id=d1KTEQpQ6vsC&amp;q=approach+to+creativity&amp;source=gbs_word_cloud_r&amp;cad=5" term="approach to creativity" frequency="8"></term_type><term_type mm_name="google_book" location="http://books.google.com/books?id=d1KTEQpQ6vsC&amp;q=artists&amp;source=gbs_word_cloud_r&amp;cad=5" term="artists" frequency="4"></term_type><term_type mm_name="google_book" location="http://books.google.com/books?id=d1KTEQpQ6vsC&amp;q=assessment&amp;source=gbs_word_cloud_r&amp;cad=5" term="assessment" frequency="7"></term_type><term_type mm_name="google_book" location="http://books.google.com/books?id=d1KTEQpQ6vsC&amp;q=ativity&amp;source=gbs_word_cloud_r&amp;cad=5" term="ativity" frequency="1"></term_type><term_type mm_name="google_book" location="http://books.google.com/books?id=d1KTEQpQ6vsC&amp;q=Barron&amp;source=gbs_word_cloud_r&amp;cad=5" term="Barron" frequency="7"></term_type><term_type mm_name="google_book" location="http://books.google.com/books?id=d1KTEQpQ6vsC&amp;q=Beatles&amp;source=gbs_word_cloud_r&amp;cad=5" term="Beatles" frequency="3"></term_type><term_type mm_name="google_book" location="http://books.google.com/books?id=d1KTEQpQ6vsC&amp;q=Chapter&amp;source=gbs_word_cloud_r&amp;cad=5" term="Chapter" frequency="7"></term_type><term_type mm_name="google_book" location="http://books.google.com/books?id=d1KTEQpQ6vsC&amp;q=child&amp;source=gbs_word_cloud_r&amp;cad=5" term="child" frequency="8"></term_type><term_type mm_name="google_book" location="http://books.google.com/books?id=d1KTEQpQ6vsC&amp;q=child+prodigy&amp;source=gbs_word_cloud_r&amp;cad=5" term="child prodigy" frequency="4"></term_type><term_type mm_name="google_book" location="http://books.google.com/books?id=d1KTEQpQ6vsC&amp;q=Cognitive+Psychology&amp;source=gbs_word_cloud_r&amp;cad=5" term="Cognitive Psychology" frequency="4"></term_type><term_type mm_name="google_book" location="http://books.google.com/books?id=d1KTEQpQ6vsC&amp;q=cognitive+science&amp;source=gbs_word_cloud_r&amp;cad=5" term="cognitive science" frequency="4"></term_type><term_type mm_name="google_book" location="http://books.google.com/books?id=d1KTEQpQ6vsC&amp;q=concepts&amp;source=gbs_word_cloud_r&amp;cad=5" term="concepts" frequency="3"></term_type><term_type mm_name="google_book" location="http://books.google.com/books?id=d1KTEQpQ6vsC&amp;q=context&amp;source=gbs_word_cloud_r&amp;cad=5" term="context" frequency="8"></term_type><term_type mm_name="google_book" location="http://books.google.com/books?id=d1KTEQpQ6vsC&amp;q=creative+achievement&amp;source=gbs_word_cloud_r&amp;cad=5" term="creative achievement" frequency="3"></term_type><term_type mm_name="google_book" location="http://books.google.com/books?id=d1KTEQpQ6vsC&amp;q=Creative+Behavior&amp;source=gbs_word_cloud_r&amp;cad=5" term="Creative Behavior" frequency="5"></term_type><term_type mm_name="google_book" location="http://books.google.com/books?id=d1KTEQpQ6vsC&amp;q=creative+cognition&amp;source=gbs_word_cloud_r&amp;cad=5" term="creative cognition" frequency="6"></term_type><term_type mm_name="google_book" location="http://books.google.com/books?id=d1KTEQpQ6vsC&amp;q=creative+individuals&amp;source=gbs_word_cloud_r&amp;cad=5" term="creative individuals" frequency="6"></term_type><term_type mm_name="google_book" location="http://books.google.com/books?id=d1KTEQpQ6vsC&amp;q=creative+person&amp;source=gbs_word_cloud_r&amp;cad=5" term="creative person" frequency="5"></term_type><term_type mm_name="google_book" location="http://books.google.com/books?id=d1KTEQpQ6vsC&amp;q=creative+process&amp;source=gbs_word_cloud_r&amp;cad=5" term="creative process" frequency="4"></term_type><term_type mm_name="google_book" location="http://books.google.com/books?id=d1KTEQpQ6vsC&amp;q=creative+products&amp;source=gbs_word_cloud_r&amp;cad=5" term="creative products" frequency="4"></term_type><term_type mm_name="google_book" location="http://books.google.com/books?id=d1KTEQpQ6vsC&amp;q=creative+thinking&amp;source=gbs_word_cloud_r&amp;cad=5" term="creative thinking" frequency="2"></term_type><term_type mm_name="google_book" location="http://books.google.com/books?id=d1KTEQpQ6vsC&amp;q=Creativity+Research+Journal&amp;source=gbs_word_cloud_r&amp;cad=5" term="Creativity Research Journal" frequency="3"></term_type><term_type mm_name="google_book" location="http://books.google.com/books?id=d1KTEQpQ6vsC&amp;q=creators&amp;source=gbs_word_cloud_r&amp;cad=5" term="creators" frequency="6"></term_type><term_type mm_name="google_book" location="http://books.google.com/books?id=d1KTEQpQ6vsC&amp;q=Cresskill&amp;source=gbs_word_cloud_r&amp;cad=5" term="Cresskill" frequency="4"></term_type><term_type mm_name="google_book" location="http://books.google.com/books?id=d1KTEQpQ6vsC&amp;q=Csikszentmihalyi&amp;source=gbs_word_cloud_r&amp;cad=5" term="Csikszentmihalyi" frequency="1"></term_type><term_type mm_name="google_book" location="http://books.google.com/books?id=d1KTEQpQ6vsC&amp;q=culture&amp;source=gbs_word_cloud_r&amp;cad=5" term="culture" frequency="3"></term_type><term_type mm_name="google_book" location="http://books.google.com/books?id=d1KTEQpQ6vsC&amp;q=Darwin&amp;source=gbs_word_cloud_r&amp;cad=5" term="Darwin" frequency="4"></term_type><term_type mm_name="google_book" location="http://books.google.com/books?id=d1KTEQpQ6vsC&amp;q=developmental&amp;source=gbs_word_cloud_r&amp;cad=5" term="developmental" frequency="8"></term_type><term_type mm_name="google_book" location="http://books.google.com/books?id=d1KTEQpQ6vsC&amp;q=discovery&amp;source=gbs_word_cloud_r&amp;cad=5" term="discovery" frequency="8"></term_type><term_type mm_name="google_book" location="http://books.google.com/books?id=d1KTEQpQ6vsC&amp;q=divergent+thinking&amp;source=gbs_word_cloud_r&amp;cad=5" term="divergent thinking" frequency="2"></term_type><term_type mm_name="google_book" location="http://books.google.com/books?id=d1KTEQpQ6vsC&amp;q=domain&amp;source=gbs_word_cloud_r&amp;cad=5" term="domain"></term_type><term_type mm_name="google_book" location="http://books.google.com/books?id=d1KTEQpQ6vsC&amp;q=Educational+Psychology&amp;source=gbs_word_cloud_r&amp;cad=5" term="Educational Psychology" frequency="4"></term_type><term_type mm_name="google_book" location="http://books.google.com/books?id=d1KTEQpQ6vsC&amp;q=effects&amp;source=gbs_word_cloud_r&amp;cad=5" term="effects" frequency="7"></term_type><term_type mm_name="google_book" location="http://books.google.com/books?id=d1KTEQpQ6vsC&amp;q=eminent&amp;source=gbs_word_cloud_r&amp;cad=5" term="eminent" frequency="7"></term_type><term_type mm_name="google_book" location="http://books.google.com/books?id=d1KTEQpQ6vsC&amp;q=environment&amp;source=gbs_word_cloud_r&amp;cad=5" term="environment" frequency="8"></term_type><term_type mm_name="google_book" location="http://books.google.com/books?id=d1KTEQpQ6vsC&amp;q=EURISKO&amp;source=gbs_word_cloud_r&amp;cad=5" term="EURISKO" frequency="4"></term_type><term_type mm_name="google_book" location="http://books.google.com/books?id=d1KTEQpQ6vsC&amp;q=evaluation&amp;source=gbs_word_cloud_r&amp;cad=5" term="evaluation" frequency="6"></term_type><term_type mm_name="google_book" location="http://books.google.com/books?id=d1KTEQpQ6vsC&amp;q=example&amp;source=gbs_word_cloud_r&amp;cad=5" term="example" frequency="5"></term_type><term_type mm_name="google_book" location="http://books.google.com/books?id=d1KTEQpQ6vsC&amp;q=experimental&amp;source=gbs_word_cloud_r&amp;cad=5" term="experimental" frequency="4"></term_type><term_type mm_name="google_book" location="http://books.google.com/books?id=d1KTEQpQ6vsC&amp;q=extrinsic&amp;source=gbs_word_cloud_r&amp;cad=5" term="extrinsic" frequency="6"></term_type><term_type mm_name="google_book" location="http://books.google.com/books?id=d1KTEQpQ6vsC&amp;q=Feist&amp;source=gbs_word_cloud_r&amp;cad=5" term="Feist" frequency="4"></term_type><term_type mm_name="google_book" location="http://books.google.com/books?id=d1KTEQpQ6vsC&amp;q=field&amp;source=gbs_word_cloud_r&amp;cad=5" term="field" frequency="7"></term_type><term_type mm_name="google_book" location="http://books.google.com/books?id=d1KTEQpQ6vsC&amp;q=Finke&amp;source=gbs_word_cloud_r&amp;cad=5" term="Finke" frequency="7"></term_type><term_type mm_name="google_book" location="http://books.google.com/books?id=d1KTEQpQ6vsC&amp;q=Gardner&amp;source=gbs_word_cloud_r&amp;cad=5" term="Gardner" frequency="4"></term_type><term_type mm_name="google_book" location="http://books.google.com/books?id=d1KTEQpQ6vsC&amp;q=genius&amp;source=gbs_word_cloud_r&amp;cad=5" term="genius" frequency="6"></term_type><term_type mm_name="google_book" location="http://books.google.com/books?id=d1KTEQpQ6vsC&amp;q=Getzels&amp;source=gbs_word_cloud_r&amp;cad=5" term="Getzels" frequency="5"></term_type><term_type mm_name="google_book" location="http://books.google.com/books?id=d1KTEQpQ6vsC&amp;q=Gruber&amp;source=gbs_word_cloud_r&amp;cad=5" term="Gruber" frequency="4"></term_type><term_type mm_name="google_book" location="http://books.google.com/books?id=d1KTEQpQ6vsC&amp;q=Guilford&amp;source=gbs_word_cloud_r&amp;cad=5" term="Guilford" frequency="7"></term_type><term_type mm_name="google_book" location="http://books.google.com/books?id=d1KTEQpQ6vsC&amp;q=historiometric&amp;source=gbs_word_cloud_r&amp;cad=5" term="historiometric"></term_type><term_type mm_name="google_book" location="http://books.google.com/books?id=d1KTEQpQ6vsC&amp;q=human&amp;source=gbs_word_cloud_r&amp;cad=5" term="human" frequency="7"></term_type><term_type mm_name="google_book" location="http://books.google.com/books?id=d1KTEQpQ6vsC&amp;q=ideas&amp;source=gbs_word_cloud_r&amp;cad=5" term="ideas" frequency="3"></term_type><term_type mm_name="google_book" location="http://books.google.com/books?id=d1KTEQpQ6vsC&amp;q=important&amp;source=gbs_word_cloud_r&amp;cad=5" term="important" frequency="8"></term_type><term_type mm_name="google_book" location="http://books.google.com/books?id=d1KTEQpQ6vsC&amp;q=individual+differences&amp;source=gbs_word_cloud_r&amp;cad=5" term="individual differences" frequency="8"></term_type><term_type mm_name="google_book" location="http://books.google.com/books?id=d1KTEQpQ6vsC&amp;q=innovation&amp;source=gbs_word_cloud_r&amp;cad=5" term="innovation" frequency="6"></term_type><term_type mm_name="google_book" location="http://books.google.com/books?id=d1KTEQpQ6vsC&amp;q=insight&amp;source=gbs_word_cloud_r&amp;cad=5" term="insight" frequency="5"></term_type><term_type mm_name="google_book" location="http://books.google.com/books?id=d1KTEQpQ6vsC&amp;q=intrinsic+motivation&amp;source=gbs_word_cloud_r&amp;cad=5" term="intrinsic motivation" frequency="1"></term_type><term_type mm_name="google_book" location="http://books.google.com/books?id=d1KTEQpQ6vsC&amp;q=investigations&amp;source=gbs_word_cloud_r&amp;cad=5" term="investigations" frequency="7"></term_type><term_type mm_name="google_book" location="http://books.google.com/books?id=d1KTEQpQ6vsC&amp;q=involved&amp;source=gbs_word_cloud_r&amp;cad=5" term="involved" frequency="7"></term_type><term_type mm_name="google_book" location="http://books.google.com/books?id=d1KTEQpQ6vsC&amp;q=Journal+of+Personality&amp;source=gbs_word_cloud_r&amp;cad=5" term="Journal of Personality" frequency="8"></term_type><term_type mm_name="google_book" location="http://books.google.com/books?id=d1KTEQpQ6vsC&amp;q=knowledge&amp;source=gbs_word_cloud_r&amp;cad=5" term="knowledge" frequency="7"></term_type><term_type mm_name="google_book" location="http://books.google.com/books?id=d1KTEQpQ6vsC&amp;q=Lubart&amp;source=gbs_word_cloud_r&amp;cad=5" term="Lubart"></term_type><term_type mm_name="google_book" location="http://books.google.com/books?id=d1KTEQpQ6vsC&amp;q=Martindale&amp;source=gbs_word_cloud_r&amp;cad=5" term="Martindale" frequency="5"></term_type><term_type mm_name="google_book" location="http://books.google.com/books?id=d1KTEQpQ6vsC&amp;q=measures&amp;source=gbs_word_cloud_r&amp;cad=5" term="measures" frequency="7"></term_type><term_type mm_name="google_book" location="http://books.google.com/books?id=d1KTEQpQ6vsC&amp;q=Mozart&amp;source=gbs_word_cloud_r&amp;cad=5" term="Mozart" frequency="5"></term_type><term_type mm_name="google_book" location="http://books.google.com/books?id=d1KTEQpQ6vsC&amp;q=natural+selection&amp;source=gbs_word_cloud_r&amp;cad=5" term="natural selection" frequency="4"></term_type><term_type mm_name="google_book" location="http://books.google.com/books?id=d1KTEQpQ6vsC&amp;q=nature+of+creativity&amp;source=gbs_word_cloud_r&amp;cad=5" term="nature of creativity" frequency="8"></term_type><term_type mm_name="google_book" location="http://books.google.com/books?id=d1KTEQpQ6vsC&amp;q=novel&amp;source=gbs_word_cloud_r&amp;cad=5" term="novel" frequency="7"></term_type><term_type mm_name="google_book" location="http://books.google.com/books?id=d1KTEQpQ6vsC&amp;q=organizational&amp;source=gbs_word_cloud_r&amp;cad=5" term="organizational" frequency="7"></term_type><term_type mm_name="google_book" location="http://books.google.com/books?id=d1KTEQpQ6vsC&amp;q=organizations&amp;source=gbs_word_cloud_r&amp;cad=5" term="organizations" frequency="6"></term_type><term_type mm_name="google_book" location="http://books.google.com/books?id=d1KTEQpQ6vsC&amp;q=originality&amp;source=gbs_word_cloud_r&amp;cad=5" term="originality" frequency="7"></term_type><term_type mm_name="google_book" location="http://books.google.com/books?id=d1KTEQpQ6vsC&amp;q=perspective&amp;source=gbs_word_cloud_r&amp;cad=5" term="perspective" frequency="7"></term_type><term_type mm_name="google_book" location="http://books.google.com/books?id=d1KTEQpQ6vsC&amp;q=potential&amp;source=gbs_word_cloud_r&amp;cad=5" term="potential" frequency="8"></term_type><term_type mm_name="google_book" location="http://books.google.com/books?id=d1KTEQpQ6vsC&amp;q=problem+solving&amp;source=gbs_word_cloud_r&amp;cad=5" term="problem solving" frequency="4"></term_type><term_type mm_name="google_book" location="http://books.google.com/books?id=d1KTEQpQ6vsC&amp;q=psychometric&amp;source=gbs_word_cloud_r&amp;cad=5" term="psychometric" frequency="1"></term_type><term_type mm_name="google_book" location="http://books.google.com/books?id=d1KTEQpQ6vsC&amp;q=psychoticism&amp;source=gbs_word_cloud_r&amp;cad=5" term="psychoticism" frequency="4"></term_type><term_type mm_name="google_book" location="http://books.google.com/books?id=d1KTEQpQ6vsC&amp;q=R.+J.+Sternberg&amp;source=gbs_word_cloud_r&amp;cad=5" term="R. J. Sternberg" frequency="7"></term_type><term_type mm_name="google_book" location="http://books.google.com/books?id=d1KTEQpQ6vsC&amp;q=research+on+creativity&amp;source=gbs_word_cloud_r&amp;cad=5" term="research on creativity" frequency="8"></term_type><term_type mm_name="google_book" location="http://books.google.com/books?id=d1KTEQpQ6vsC&amp;q=role&amp;source=gbs_word_cloud_r&amp;cad=5" term="role" frequency="8"></term_type><term_type mm_name="google_book" location="http://books.google.com/books?id=d1KTEQpQ6vsC&amp;q=Runco&amp;source=gbs_word_cloud_r&amp;cad=5" term="Runco" frequency="3"></term_type><term_type mm_name="google_book" location="http://books.google.com/books?id=d1KTEQpQ6vsC&amp;q=scientific&amp;source=gbs_word_cloud_r&amp;cad=5" term="scientific" frequency="6"></term_type><term_type mm_name="google_book" location="http://books.google.com/books?id=d1KTEQpQ6vsC&amp;q=scientists&amp;source=gbs_word_cloud_r&amp;cad=5" term="scientists" frequency="5"></term_type><term_type mm_name="google_book" location="http://books.google.com/books?id=d1KTEQpQ6vsC&amp;q=Simonton&amp;source=gbs_word_cloud_r&amp;cad=5" term="Simonton"></term_type><term_type mm_name="google_book" location="http://books.google.com/books?id=d1KTEQpQ6vsC&amp;q=skills&amp;source=gbs_word_cloud_r&amp;cad=5" term="skills" frequency="8"></term_type><term_type mm_name="google_book" location="http://books.google.com/books?id=d1KTEQpQ6vsC&amp;q=Smith&amp;source=gbs_word_cloud_r&amp;cad=5" term="Smith" frequency="8"></term_type><term_type mm_name="google_book" location="http://books.google.com/books?id=d1KTEQpQ6vsC&amp;q=Social+Psychology&amp;source=gbs_word_cloud_r&amp;cad=5" term="Social Psychology" frequency="3"></term_type><term_type mm_name="google_book" location="http://books.google.com/books?id=d1KTEQpQ6vsC&amp;q=structure&amp;source=gbs_word_cloud_r&amp;cad=5" term="structure" frequency="4"></term_type><term_type mm_name="google_book" location="http://books.google.com/books?id=d1KTEQpQ6vsC&amp;q=study+of+creativity&amp;source=gbs_word_cloud_r&amp;cad=5" term="study of creativity" frequency="4"></term_type><term_type mm_name="google_book" location="http://books.google.com/books?id=d1KTEQpQ6vsC&amp;q=talent&amp;source=gbs_word_cloud_r&amp;cad=5" term="talent" frequency="7"></term_type><term_type mm_name="google_book" location="http://books.google.com/books?id=d1KTEQpQ6vsC&amp;q=task&amp;source=gbs_word_cloud_r&amp;cad=5" term="task" frequency="6"></term_type><term_type mm_name="google_book" location="http://books.google.com/books?id=d1KTEQpQ6vsC&amp;q=tests&amp;source=gbs_word_cloud_r&amp;cad=5" term="tests" frequency="3"></term_type><term_type mm_name="google_book" location="http://books.google.com/books?id=d1KTEQpQ6vsC&amp;q=theory+of+creativity&amp;source=gbs_word_cloud_r&amp;cad=5" term="theory of creativity" frequency="7"></term_type><term_type mm_name="google_book" location="http://books.google.com/books?id=d1KTEQpQ6vsC&amp;q=tion&amp;source=gbs_word_cloud_r&amp;cad=5" term="tion" frequency="5"></term_type><term_type mm_name="google_book" location="http://books.google.com/books?id=d1KTEQpQ6vsC&amp;q=Torrance&amp;source=gbs_word_cloud_r&amp;cad=5" term="Torrance" frequency="4"></term_type><term_type mm_name="google_book" location="http://books.google.com/books?id=d1KTEQpQ6vsC&amp;q=traits&amp;source=gbs_word_cloud_r&amp;cad=5" term="traits" frequency="2"></term_type><term_type mm_name="google_book" location="http://books.google.com/books?id=d1KTEQpQ6vsC&amp;q=York&amp;source=gbs_word_cloud_r&amp;cad=5" term="York" frequency="3"></term_type></common_terms><editors><author mm_name="google_search" location="http://www.google.com/search?tbo=p&amp;tbm=bks&amp;q=+inauthor:%22Robert+J.+Sternberg%22&amp;source=gbs_metadata_r&amp;cad=9"></author></editors><references_from_books><google_book location="http://books.google.com/books?id=dxHKpijtn6gC&amp;vq=%22Handbook+of+creativity%22&amp;source=gbs_citations_module_r&amp;cad=6" title="Language and creativity: the art of common talk&#226;&#8364;&#381;" description="The Handbook of Creativity provides a comprehensive, definitive, and authoritative single-volume review of t he entire field of creativity. Twenty-two chapters introduce the field and deal with methods in studying creativity, origins of creativity, the self and environment in creativity, special topics in creativity, and conclusions. Each of the essays are written to be accessible to all educated readers." isbn="0521576040, 9780521576048" pages="490" about_the_authors="Robert J. Sternberg is Dean of Arts and Sciences at Tufts University. Prior to that, he was IBM Professor of Psychology and Education in the Department of Psychology, Professor of Management in the School of Management, and Director of the Center for the Psychology of Abilities, Competencies, and Expertise (PACE) at Yale. He continues to direct the Center from Tufts. He is the author of more than 1000 journal articles, book chapters, and books, and has received over $18 million in government and other grants and contracts for his research." cover_image="http://bks9.books.google.com/books?id=d1KTEQpQ6vsC&amp;printsec=frontcover&amp;img=1&amp;zoom=1&amp;edge=curl&amp;sig=ACfU3U1mfkbVXmb-KPyJeSTcKu2iscOlhw" category="Psychology" places_mentioned_kml="http://books.google.com/books/download/Handbook_of_creativity.kml?id=d1KTEQpQ6vsC&amp;output=kml"><authors><author mm_name="google_search" location="http://www.google.com/search?tbo=p&amp;tbm=bks&amp;q=+inauthor:%22Ronald+Carter%22"></author></authors><publisher></publisher><subjects><subject mm_name="google_search" location="http://www.google.com/search?tbo=p&amp;tbm=bks&amp;q=+subject:%22Creative+ability%22&amp;source=gbs_metadata_r&amp;cad=9" subject="Creative ability"></subject><subject mm_name="google_search" location="http://www.google.com/search?tbo=p&amp;tbm=bks&amp;q=+subject:%22Creative+thinking%22&amp;source=gbs_metadata_r&amp;cad=9" subject="Creative thinking"></subject><subject mm_name="google_search" location="http://www.google.com/search?tbo=p&amp;tbm=bks&amp;q=+subject:%22Psychology+/+Cognitive+Psychology%22&amp;source=gbs_metadata_r&amp;cad=9" subject="Psychology / Cognitive Psychology"></subject><subject mm_name="google_search" location="http://www.google.com/search?tbo=p&amp;tbm=bks&amp;q=+subject:%22Psychology+/+Creative+Ability%22&amp;source=gbs_metadata_r&amp;cad=9" subject="Psychology / Creative Ability"></subject><subject mm_name="google_search" location="http://www.google.com/search?tbo=p&amp;tbm=bks&amp;q=+subject:%22Science+/+General%22&amp;source=gbs_metadata_r&amp;cad=9" subject="Science / General"></subject><subject mm_name="google_search" location="http://www.google.com/search?tbo=p&amp;tbm=bks&amp;q=+subject:%22Self-Help+/+Creativity%22&amp;source=gbs_metadata_r&amp;cad=9" subject="Self-Help / Creativity"></subject></subjects><common_terms><term_type mm_name="google_book" location="http://books.google.com/books?id=d1KTEQpQ6vsC&amp;q=ability&amp;source=gbs_word_cloud_r&amp;cad=5" term="ability" frequency="6"></term_type><term_type mm_name="google_book" location="http://books.google.com/books?id=d1KTEQpQ6vsC&amp;q=activity&amp;source=gbs_word_cloud_r&amp;cad=5" term="activity" frequency="6"></term_type><term_type mm_name="google_book" location="http://books.google.com/books?id=d1KTEQpQ6vsC&amp;q=Amabile&amp;source=gbs_word_cloud_r&amp;cad=5" term="Amabile" frequency="1"></term_type><term_type mm_name="google_book" location="http://books.google.com/books?id=d1KTEQpQ6vsC&amp;q=approach+to+creativity&amp;source=gbs_word_cloud_r&amp;cad=5" term="approach to creativity" frequency="8"></term_type><term_type mm_name="google_book" location="http://books.google.com/books?id=d1KTEQpQ6vsC&amp;q=artists&amp;source=gbs_word_cloud_r&amp;cad=5" term="artists" frequency="4"></term_type><term_type mm_name="google_book" location="http://books.google.com/books?id=d1KTEQpQ6vsC&amp;q=assessment&amp;source=gbs_word_cloud_r&amp;cad=5" term="assessment" frequency="7"></term_type><term_type mm_name="google_book" location="http://books.google.com/books?id=d1KTEQpQ6vsC&amp;q=ativity&amp;source=gbs_word_cloud_r&amp;cad=5" term="ativity" frequency="1"></term_type><term_type mm_name="google_book" location="http://books.google.com/books?id=d1KTEQpQ6vsC&amp;q=Barron&amp;source=gbs_word_cloud_r&amp;cad=5" term="Barron" frequency="7"></term_type><term_type mm_name="google_book" location="http://books.google.com/books?id=d1KTEQpQ6vsC&amp;q=Beatles&amp;source=gbs_word_cloud_r&amp;cad=5" term="Beatles" frequency="3"></term_type><term_type mm_name="google_book" location="http://books.google.com/books?id=d1KTEQpQ6vsC&amp;q=Chapter&amp;source=gbs_word_cloud_r&amp;cad=5" term="Chapter" frequency="7"></term_type><term_type mm_name="google_book" location="http://books.google.com/books?id=d1KTEQpQ6vsC&amp;q=child&amp;source=gbs_word_cloud_r&amp;cad=5" term="child" frequency="8"></term_type><term_type mm_name="google_book" location="http://books.google.com/books?id=d1KTEQpQ6vsC&amp;q=child+prodigy&amp;source=gbs_word_cloud_r&amp;cad=5" term="child prodigy" frequency="4"></term_type><term_type mm_name="google_book" location="http://books.google.com/books?id=d1KTEQpQ6vsC&amp;q=Cognitive+Psychology&amp;source=gbs_word_cloud_r&amp;cad=5" term="Cognitive Psychology" frequency="4"></term_type><term_type mm_name="google_book" location="http://books.google.com/books?id=d1KTEQpQ6vsC&amp;q=cognitive+science&amp;source=gbs_word_cloud_r&amp;cad=5" term="cognitive science" frequency="4"></term_type><term_type mm_name="google_book" location="http://books.google.com/books?id=d1KTEQpQ6vsC&amp;q=concepts&amp;source=gbs_word_cloud_r&amp;cad=5" term="concepts" frequency="3"></term_type><term_type mm_name="google_book" location="http://books.google.com/books?id=d1KTEQpQ6vsC&amp;q=context&amp;source=gbs_word_cloud_r&amp;cad=5" term="context" frequency="8"></term_type><term_type mm_name="google_book" location="http://books.google.com/books?id=d1KTEQpQ6vsC&amp;q=creative+achievement&amp;source=gbs_word_cloud_r&amp;cad=5" term="creative achievement" frequency="3"></term_type><term_type mm_name="google_book" location="http://books.google.com/books?id=d1KTEQpQ6vsC&amp;q=Creative+Behavior&amp;source=gbs_word_cloud_r&amp;cad=5" term="Creative Behavior" frequency="5"></term_type><term_type mm_name="google_book" location="http://books.google.com/books?id=d1KTEQpQ6vsC&amp;q=creative+cognition&amp;source=gbs_word_cloud_r&amp;cad=5" term="creative cognition" frequency="6"></term_type><term_type mm_name="google_book" location="http://books.google.com/books?id=d1KTEQpQ6vsC&amp;q=creative+individuals&amp;source=gbs_word_cloud_r&amp;cad=5" term="creative individuals" frequency="6"></term_type><term_type mm_name="google_book" location="http://books.google.com/books?id=d1KTEQpQ6vsC&amp;q=creative+person&amp;source=gbs_word_cloud_r&amp;cad=5" term="creative person" frequency="5"></term_type><term_type mm_name="google_book" location="http://books.google.com/books?id=d1KTEQpQ6vsC&amp;q=creative+process&amp;source=gbs_word_cloud_r&amp;cad=5" term="creative process" frequency="4"></term_type><term_type mm_name="google_book" location="http://books.google.com/books?id=d1KTEQpQ6vsC&amp;q=creative+products&amp;source=gbs_word_cloud_r&amp;cad=5" term="creative products" frequency="4"></term_type><term_type mm_name="google_book" location="http://books.google.com/books?id=d1KTEQpQ6vsC&amp;q=creative+thinking&amp;source=gbs_word_cloud_r&amp;cad=5" term="creative thinking" frequency="2"></term_type><term_type mm_name="google_book" location="http://books.google.com/books?id=d1KTEQpQ6vsC&amp;q=Creativity+Research+Journal&amp;source=gbs_word_cloud_r&amp;cad=5" term="Creativity Research Journal" frequency="3"></term_type><term_type mm_name="google_book" location="http://books.google.com/books?id=d1KTEQpQ6vsC&amp;q=creators&amp;source=gbs_word_cloud_r&amp;cad=5" term="creators" frequency="6"></term_type><term_type mm_name="google_book" location="http://books.google.com/books?id=d1KTEQpQ6vsC&amp;q=Cresskill&amp;source=gbs_word_cloud_r&amp;cad=5" term="Cresskill" frequency="4"></term_type><term_type mm_name="google_book" location="http://books.google.com/books?id=d1KTEQpQ6vsC&amp;q=Csikszentmihalyi&amp;source=gbs_word_cloud_r&amp;cad=5" term="Csikszentmihalyi" frequency="1"></term_type><term_type mm_name="google_book" location="http://books.google.com/books?id=d1KTEQpQ6vsC&amp;q=culture&amp;source=gbs_word_cloud_r&amp;cad=5" term="culture" frequency="3"></term_type><term_type mm_name="google_book" location="http://books.google.com/books?id=d1KTEQpQ6vsC&amp;q=Darwin&amp;source=gbs_word_cloud_r&amp;cad=5" term="Darwin" frequency="4"></term_type><term_type mm_name="google_book" location="http://books.google.com/books?id=d1KTEQpQ6vsC&amp;q=developmental&amp;source=gbs_word_cloud_r&amp;cad=5" term="developmental" frequency="8"></term_type><term_type mm_name="google_book" location="http://books.google.com/books?id=d1KTEQpQ6vsC&amp;q=discovery&amp;source=gbs_word_cloud_r&amp;cad=5" term="discovery" frequency="8"></term_type><term_type mm_name="google_book" location="http://books.google.com/books?id=d1KTEQpQ6vsC&amp;q=divergent+thinking&amp;source=gbs_word_cloud_r&amp;cad=5" term="divergent thinking" frequency="2"></term_type><term_type mm_name="google_book" location="http://books.google.com/books?id=d1KTEQpQ6vsC&amp;q=domain&amp;source=gbs_word_cloud_r&amp;cad=5" term="domain"></term_type><term_type mm_name="google_book" location="http://books.google.com/books?id=d1KTEQpQ6vsC&amp;q=Educational+Psychology&amp;source=gbs_word_cloud_r&amp;cad=5" term="Educational Psychology" frequency="4"></term_type><term_type mm_name="google_book" location="http://books.google.com/books?id=d1KTEQpQ6vsC&amp;q=effects&amp;source=gbs_word_cloud_r&amp;cad=5" term="effects" frequency="7"></term_type><term_type mm_name="google_book" location="http://books.google.com/books?id=d1KTEQpQ6vsC&amp;q=eminent&amp;source=gbs_word_cloud_r&amp;cad=5" term="eminent" frequency="7"></term_type><term_type mm_name="google_book" location="http://books.google.com/books?id=d1KTEQpQ6vsC&amp;q=environment&amp;source=gbs_word_cloud_r&amp;cad=5" term="environment" frequency="8"></term_type><term_type mm_name="google_book" location="http://books.google.com/books?id=d1KTEQpQ6vsC&amp;q=EURISKO&amp;source=gbs_word_cloud_r&amp;cad=5" term="EURISKO" frequency="4"></term_type><term_type mm_name="google_book" location="http://books.google.com/books?id=d1KTEQpQ6vsC&amp;q=evaluation&amp;source=gbs_word_cloud_r&amp;cad=5" term="evaluation" frequency="6"></term_type><term_type mm_name="google_book" location="http://books.google.com/books?id=d1KTEQpQ6vsC&amp;q=example&amp;source=gbs_word_cloud_r&amp;cad=5" term="example" frequency="5"></term_type><term_type mm_name="google_book" location="http://books.google.com/books?id=d1KTEQpQ6vsC&amp;q=experimental&amp;source=gbs_word_cloud_r&amp;cad=5" term="experimental" frequency="4"></term_type><term_type mm_name="google_book" location="http://books.google.com/books?id=d1KTEQpQ6vsC&amp;q=extrinsic&amp;source=gbs_word_cloud_r&amp;cad=5" term="extrinsic" frequency="6"></term_type><term_type mm_name="google_book" location="http://books.google.com/books?id=d1KTEQpQ6vsC&amp;q=Feist&amp;source=gbs_word_cloud_r&amp;cad=5" term="Feist" frequency="4"></term_type><term_type mm_name="google_book" location="http://books.google.com/books?id=d1KTEQpQ6vsC&amp;q=field&amp;source=gbs_word_cloud_r&amp;cad=5" term="field" frequency="7"></term_type><term_type mm_name="google_book" location="http://books.google.com/books?id=d1KTEQpQ6vsC&amp;q=Finke&amp;source=gbs_word_cloud_r&amp;cad=5" term="Finke" frequency="7"></term_type><term_type mm_name="google_book" location="http://books.google.com/books?id=d1KTEQpQ6vsC&amp;q=Gardner&amp;source=gbs_word_cloud_r&amp;cad=5" term="Gardner" frequency="4"></term_type><term_type mm_name="google_book" location="http://books.google.com/books?id=d1KTEQpQ6vsC&amp;q=genius&amp;source=gbs_word_cloud_r&amp;cad=5" term="genius" frequency="6"></term_type><term_type mm_name="google_book" location="http://books.google.com/books?id=d1KTEQpQ6vsC&amp;q=Getzels&amp;source=gbs_word_cloud_r&amp;cad=5" term="Getzels" frequency="5"></term_type><term_type mm_name="google_book" location="http://books.google.com/books?id=d1KTEQpQ6vsC&amp;q=Gruber&amp;source=gbs_word_cloud_r&amp;cad=5" term="Gruber" frequency="4"></term_type><term_type mm_name="google_book" location="http://books.google.com/books?id=d1KTEQpQ6vsC&amp;q=Guilford&amp;source=gbs_word_cloud_r&amp;cad=5" term="Guilford" frequency="7"></term_type><term_type mm_name="google_book" location="http://books.google.com/books?id=d1KTEQpQ6vsC&amp;q=historiometric&amp;source=gbs_word_cloud_r&amp;cad=5" term="historiometric"></term_type><term_type mm_name="google_book" location="http://books.google.com/books?id=d1KTEQpQ6vsC&amp;q=human&amp;source=gbs_word_cloud_r&amp;cad=5" term="human" frequency="7"></term_type><term_type mm_name="google_book" location="http://books.google.com/books?id=d1KTEQpQ6vsC&amp;q=ideas&amp;source=gbs_word_cloud_r&amp;cad=5" term="ideas" frequency="3"></term_type><term_type mm_name="google_book" location="http://books.google.com/books?id=d1KTEQpQ6vsC&amp;q=important&amp;source=gbs_word_cloud_r&amp;cad=5" term="important" frequency="8"></term_type><term_type mm_name="google_book" location="http://books.google.com/books?id=d1KTEQpQ6vsC&amp;q=individual+differences&amp;source=gbs_word_cloud_r&amp;cad=5" term="individual differences" frequency="8"></term_type><term_type mm_name="google_book" location="http://books.google.com/books?id=d1KTEQpQ6vsC&amp;q=innovation&amp;source=gbs_word_cloud_r&amp;cad=5" term="innovation" frequency="6"></term_type><term_type mm_name="google_book" location="http://books.google.com/books?id=d1KTEQpQ6vsC&amp;q=insight&amp;source=gbs_word_cloud_r&amp;cad=5" term="insight" frequency="5"></term_type><term_type mm_name="google_book" location="http://books.google.com/books?id=d1KTEQpQ6vsC&amp;q=intrinsic+motivation&amp;source=gbs_word_cloud_r&amp;cad=5" term="intrinsic motivation" frequency="1"></term_type><term_type mm_name="google_book" location="http://books.google.com/books?id=d1KTEQpQ6vsC&amp;q=investigations&amp;source=gbs_word_cloud_r&amp;cad=5" term="investigations" frequency="7"></term_type><term_type mm_name="google_book" location="http://books.google.com/books?id=d1KTEQpQ6vsC&amp;q=involved&amp;source=gbs_word_cloud_r&amp;cad=5" term="involved" frequency="7"></term_type><term_type mm_name="google_book" location="http://books.google.com/books?id=d1KTEQpQ6vsC&amp;q=Journal+of+Personality&amp;source=gbs_word_cloud_r&amp;cad=5" term="Journal of Personality" frequency="8"></term_type><term_type mm_name="google_book" location="http://books.google.com/books?id=d1KTEQpQ6vsC&amp;q=knowledge&amp;source=gbs_word_cloud_r&amp;cad=5" term="knowledge" frequency="7"></term_type><term_type mm_name="google_book" location="http://books.google.com/books?id=d1KTEQpQ6vsC&amp;q=Lubart&amp;source=gbs_word_cloud_r&amp;cad=5" term="Lubart"></term_type><term_type mm_name="google_book" location="http://books.google.com/books?id=d1KTEQpQ6vsC&amp;q=Martindale&amp;source=gbs_word_cloud_r&amp;cad=5" term="Martindale" frequency="5"></term_type><term_type mm_name="google_book" location="http://books.google.com/books?id=d1KTEQpQ6vsC&amp;q=measures&amp;source=gbs_word_cloud_r&amp;cad=5" term="measures" frequency="7"></term_type><term_type mm_name="google_book" location="http://books.google.com/books?id=d1KTEQpQ6vsC&amp;q=Mozart&amp;source=gbs_word_cloud_r&amp;cad=5" term="Mozart" frequency="5"></term_type><term_type mm_name="google_book" location="http://books.google.com/books?id=d1KTEQpQ6vsC&amp;q=natural+selection&amp;source=gbs_word_cloud_r&amp;cad=5" term="natural selection" frequency="4"></term_type><term_type mm_name="google_book" location="http://books.google.com/books?id=d1KTEQpQ6vsC&amp;q=nature+of+creativity&amp;source=gbs_word_cloud_r&amp;cad=5" term="nature of creativity" frequency="8"></term_type><term_type mm_name="google_book" location="http://books.google.com/books?id=d1KTEQpQ6vsC&amp;q=novel&amp;source=gbs_word_cloud_r&amp;cad=5" term="novel" frequency="7"></term_type><term_type mm_name="google_book" location="http://books.google.com/books?id=d1KTEQpQ6vsC&amp;q=organizational&amp;source=gbs_word_cloud_r&amp;cad=5" term="organizational" frequency="7"></term_type><term_type mm_name="google_book" location="http://books.google.com/books?id=d1KTEQpQ6vsC&amp;q=organizations&amp;source=gbs_word_cloud_r&amp;cad=5" term="organizations" frequency="6"></term_type><term_type mm_name="google_book" location="http://books.google.com/books?id=d1KTEQpQ6vsC&amp;q=originality&amp;source=gbs_word_cloud_r&amp;cad=5" term="originality" frequency="7"></term_type><term_type mm_name="google_book" location="http://books.google.com/books?id=d1KTEQpQ6vsC&amp;q=perspective&amp;source=gbs_word_cloud_r&amp;cad=5" term="perspective" frequency="7"></term_type><term_type mm_name="google_book" location="http://books.google.com/books?id=d1KTEQpQ6vsC&amp;q=potential&amp;source=gbs_word_cloud_r&amp;cad=5" term="potential" frequency="8"></term_type><term_type mm_name="google_book" location="http://books.google.com/books?id=d1KTEQpQ6vsC&amp;q=problem+solving&amp;source=gbs_word_cloud_r&amp;cad=5" term="problem solving" frequency="4"></term_type><term_type mm_name="google_book" location="http://books.google.com/books?id=d1KTEQpQ6vsC&amp;q=psychometric&amp;source=gbs_word_cloud_r&amp;cad=5" term="psychometric" frequency="1"></term_type><term_type mm_name="google_book" location="http://books.google.com/books?id=d1KTEQpQ6vsC&amp;q=psychoticism&amp;source=gbs_word_cloud_r&amp;cad=5" term="psychoticism" frequency="4"></term_type><term_type mm_name="google_book" location="http://books.google.com/books?id=d1KTEQpQ6vsC&amp;q=R.+J.+Sternberg&amp;source=gbs_word_cloud_r&amp;cad=5" term="R. J. Sternberg" frequency="7"></term_type><term_type mm_name="google_book" location="http://books.google.com/books?id=d1KTEQpQ6vsC&amp;q=research+on+creativity&amp;source=gbs_word_cloud_r&amp;cad=5" term="research on creativity" frequency="8"></term_type><term_type mm_name="google_book" location="http://books.google.com/books?id=d1KTEQpQ6vsC&amp;q=role&amp;source=gbs_word_cloud_r&amp;cad=5" term="role" frequency="8"></term_type><term_type mm_name="google_book" location="http://books.google.com/books?id=d1KTEQpQ6vsC&amp;q=Runco&amp;source=gbs_word_cloud_r&amp;cad=5" term="Runco" frequency="3"></term_type><term_type mm_name="google_book" location="http://books.google.com/books?id=d1KTEQpQ6vsC&amp;q=scientific&amp;source=gbs_word_cloud_r&amp;cad=5" term="scientific" frequency="6"></term_type><term_type mm_name="google_book" location="http://books.google.com/books?id=d1KTEQpQ6vsC&amp;q=scientists&amp;source=gbs_word_cloud_r&amp;cad=5" term="scientists" frequency="5"></term_type><term_type mm_name="google_book" location="http://books.google.com/books?id=d1KTEQpQ6vsC&amp;q=Simonton&amp;source=gbs_word_cloud_r&amp;cad=5" term="Simonton"></term_type><term_type mm_name="google_book" location="http://books.google.com/books?id=d1KTEQpQ6vsC&amp;q=skills&amp;source=gbs_word_cloud_r&amp;cad=5" term="skills" frequency="8"></term_type><term_type mm_name="google_book" location="http://books.google.com/books?id=d1KTEQpQ6vsC&amp;q=Smith&amp;source=gbs_word_cloud_r&amp;cad=5" term="Smith" frequency="8"></term_type><term_type mm_name="google_book" location="http://books.google.com/books?id=d1KTEQpQ6vsC&amp;q=Social+Psychology&amp;source=gbs_word_cloud_r&amp;cad=5" term="Social Psychology" frequency="3"></term_type><term_type mm_name="google_book" location="http://books.google.com/books?id=d1KTEQpQ6vsC&amp;q=structure&amp;source=gbs_word_cloud_r&amp;cad=5" term="structure" frequency="4"></term_type><term_type mm_name="google_book" location="http://books.google.com/books?id=d1KTEQpQ6vsC&amp;q=study+of+creativity&amp;source=gbs_word_cloud_r&amp;cad=5" term="study of creativity" frequency="4"></term_type><term_type mm_name="google_book" location="http://books.google.com/books?id=d1KTEQpQ6vsC&amp;q=talent&amp;source=gbs_word_cloud_r&amp;cad=5" term="talent" frequency="7"></term_type><term_type mm_name="google_book" location="http://books.google.com/books?id=d1KTEQpQ6vsC&amp;q=task&amp;source=gbs_word_cloud_r&amp;cad=5" term="task" frequency="6"></term_type><term_type mm_name="google_book" location="http://books.google.com/books?id=d1KTEQpQ6vsC&amp;q=tests&amp;source=gbs_word_cloud_r&amp;cad=5" term="tests" frequency="3"></term_type><term_type mm_name="google_book" location="http://books.google.com/books?id=d1KTEQpQ6vsC&amp;q=theory+of+creativity&amp;source=gbs_word_cloud_r&amp;cad=5" term="theory of creativity" frequency="7"></term_type><term_type mm_name="google_book" location="http://books.google.com/books?id=d1KTEQpQ6vsC&amp;q=tion&amp;source=gbs_word_cloud_r&amp;cad=5" term="tion" frequency="5"></term_type><term_type mm_name="google_book" location="http://books.google.com/books?id=d1KTEQpQ6vsC&amp;q=Torrance&amp;source=gbs_word_cloud_r&amp;cad=5" term="Torrance" frequency="4"></term_type><term_type mm_name="google_book" location="http://books.google.com/books?id=d1KTEQpQ6vsC&amp;q=traits&amp;source=gbs_word_cloud_r&amp;cad=5" term="traits" frequency="2"></term_type><term_type mm_name="google_book" location="http://books.google.com/books?id=d1KTEQpQ6vsC&amp;q=York&amp;source=gbs_word_cloud_r&amp;cad=5" term="York" frequency="3"></term_type></common_terms><editors><author mm_name="google_search" location="http://www.google.com/search?tbo=p&amp;tbm=bks&amp;q=+inauthor:%22Robert+J.+Sternberg%22&amp;source=gbs_metadata_r&amp;cad=9"></author></editors><selected_pages><page mm_name="google_book" location="http://books.google.com/books?id=d1KTEQpQ6vsC&amp;pg=PR3&amp;source=gbs_selected_pages&amp;cad=3"></page><page mm_name="google_book" location="http://books.google.com/books?id=d1KTEQpQ6vsC&amp;pg=PR7&amp;source=gbs_selected_pages&amp;cad=3"></page><page mm_name="google_book" location="http://books.google.com/books?id=d1KTEQpQ6vsC&amp;pg=PA461&amp;source=gbs_selected_pages&amp;cad=3"></page><page mm_name="google_book" location="http://books.google.com/books?id=d1KTEQpQ6vsC&amp;pg=PA132&amp;source=gbs_selected_pages&amp;cad=3"></page></selected_pages></google_book><google_book location="http://books.google.com/books?id=NKyln31mJ3sC&amp;vq=%22Handbook+of+creativity%22&amp;source=gbs_citations_module_r&amp;cad=6" title="Positive psychology: the science of happiness and human strengths&#226;&#8364;&#381;" description="The Handbook of Creativity provides a comprehensive, definitive, and authoritative single-volume review of t he entire field of creativity. Twenty-two chapters introduce the field and deal with methods in studying creativity, origins of creativity, the self and environment in creativity, special topics in creativity, and conclusions. Each of the essays are written to be accessible to all educated readers." isbn="0521576040, 9780521576048" pages="490" about_the_authors="Robert J. Sternberg is Dean of Arts and Sciences at Tufts University. Prior to that, he was IBM Professor of Psychology and Education in the Department of Psychology, Professor of Management in the School of Management, and Director of the Center for the Psychology of Abilities, Competencies, and Expertise (PACE) at Yale. He continues to direct the Center from Tufts. He is the author of more than 1000 journal articles, book chapters, and books, and has received over $18 million in government and other grants and contracts for his research." cover_image="http://bks9.books.google.com/books?id=d1KTEQpQ6vsC&amp;printsec=frontcover&amp;img=1&amp;zoom=1&amp;edge=curl&amp;sig=ACfU3U1mfkbVXmb-KPyJeSTcKu2iscOlhw" category="Psychology" places_mentioned_kml="http://books.google.com/books/download/Handbook_of_creativity.kml?id=d1KTEQpQ6vsC&amp;output=kml"><authors><author mm_name="google_search" location="http://www.google.com/search?tbo=p&amp;tbm=bks&amp;q=+inauthor:%22Dr.+Alan+Carr%22"></author></authors><publisher></publisher><subjects><subject mm_name="google_search" location="http://www.google.com/search?tbo=p&amp;tbm=bks&amp;q=+subject:%22Creative+ability%22&amp;source=gbs_metadata_r&amp;cad=9" subject="Creative ability"></subject><subject mm_name="google_search" location="http://www.google.com/search?tbo=p&amp;tbm=bks&amp;q=+subject:%22Creative+thinking%22&amp;source=gbs_metadata_r&amp;cad=9" subject="Creative thinking"></subject><subject mm_name="google_search" location="http://www.google.com/search?tbo=p&amp;tbm=bks&amp;q=+subject:%22Psychology+/+Cognitive+Psychology%22&amp;source=gbs_metadata_r&amp;cad=9" subject="Psychology / Cognitive Psychology"></subject><subject mm_name="google_search" location="http://www.google.com/search?tbo=p&amp;tbm=bks&amp;q=+subject:%22Psychology+/+Creative+Ability%22&amp;source=gbs_metadata_r&amp;cad=9" subject="Psychology / Creative Ability"></subject><subject mm_name="google_search" location="http://www.google.com/search?tbo=p&amp;tbm=bks&amp;q=+subject:%22Science+/+General%22&amp;source=gbs_metadata_r&amp;cad=9" subject="Science / General"></subject><subject mm_name="google_search" location="http://www.google.com/search?tbo=p&amp;tbm=bks&amp;q=+subject:%22Self-Help+/+Creativity%22&amp;source=gbs_metadata_r&amp;cad=9" subject="Self-Help / Creativity"></subject></subjects><common_terms><term_type mm_name="google_book" location="http://books.google.com/books?id=d1KTEQpQ6vsC&amp;q=ability&amp;source=gbs_word_cloud_r&amp;cad=5" term="ability" frequency="6"></term_type><term_type mm_name="google_book" location="http://books.google.com/books?id=d1KTEQpQ6vsC&amp;q=activity&amp;source=gbs_word_cloud_r&amp;cad=5" term="activity" frequency="6"></term_type><term_type mm_name="google_book" location="http://books.google.com/books?id=d1KTEQpQ6vsC&amp;q=Amabile&amp;source=gbs_word_cloud_r&amp;cad=5" term="Amabile" frequency="1"></term_type><term_type mm_name="google_book" location="http://books.google.com/books?id=d1KTEQpQ6vsC&amp;q=approach+to+creativity&amp;source=gbs_word_cloud_r&amp;cad=5" term="approach to creativity" frequency="8"></term_type><term_type mm_name="google_book" location="http://books.google.com/books?id=d1KTEQpQ6vsC&amp;q=artists&amp;source=gbs_word_cloud_r&amp;cad=5" term="artists" frequency="4"></term_type><term_type mm_name="google_book" location="http://books.google.com/books?id=d1KTEQpQ6vsC&amp;q=assessment&amp;source=gbs_word_cloud_r&amp;cad=5" term="assessment" frequency="7"></term_type><term_type mm_name="google_book" location="http://books.google.com/books?id=d1KTEQpQ6vsC&amp;q=ativity&amp;source=gbs_word_cloud_r&amp;cad=5" term="ativity" frequency="1"></term_type><term_type mm_name="google_book" location="http://books.google.com/books?id=d1KTEQpQ6vsC&amp;q=Barron&amp;source=gbs_word_cloud_r&amp;cad=5" term="Barron" frequency="7"></term_type><term_type mm_name="google_book" location="http://books.google.com/books?id=d1KTEQpQ6vsC&amp;q=Beatles&amp;source=gbs_word_cloud_r&amp;cad=5" term="Beatles" frequency="3"></term_type><term_type mm_name="google_book" location="http://books.google.com/books?id=d1KTEQpQ6vsC&amp;q=Chapter&amp;source=gbs_word_cloud_r&amp;cad=5" term="Chapter" frequency="7"></term_type><term_type mm_name="google_book" location="http://books.google.com/books?id=d1KTEQpQ6vsC&amp;q=child&amp;source=gbs_word_cloud_r&amp;cad=5" term="child" frequency="8"></term_type><term_type mm_name="google_book" location="http://books.google.com/books?id=d1KTEQpQ6vsC&amp;q=child+prodigy&amp;source=gbs_word_cloud_r&amp;cad=5" term="child prodigy" frequency="4"></term_type><term_type mm_name="google_book" location="http://books.google.com/books?id=d1KTEQpQ6vsC&amp;q=Cognitive+Psychology&amp;source=gbs_word_cloud_r&amp;cad=5" term="Cognitive Psychology" frequency="4"></term_type><term_type mm_name="google_book" location="http://books.google.com/books?id=d1KTEQpQ6vsC&amp;q=cognitive+science&amp;source=gbs_word_cloud_r&amp;cad=5" term="cognitive science" frequency="4"></term_type><term_type mm_name="google_book" location="http://books.google.com/books?id=d1KTEQpQ6vsC&amp;q=concepts&amp;source=gbs_word_cloud_r&amp;cad=5" term="concepts" frequency="3"></term_type><term_type mm_name="google_book" location="http://books.google.com/books?id=d1KTEQpQ6vsC&amp;q=context&amp;source=gbs_word_cloud_r&amp;cad=5" term="context" frequency="8"></term_type><term_type mm_name="google_book" location="http://books.google.com/books?id=d1KTEQpQ6vsC&amp;q=creative+achievement&amp;source=gbs_word_cloud_r&amp;cad=5" term="creative achievement" frequency="3"></term_type><term_type mm_name="google_book" location="http://books.google.com/books?id=d1KTEQpQ6vsC&amp;q=Creative+Behavior&amp;source=gbs_word_cloud_r&amp;cad=5" term="Creative Behavior" frequency="5"></term_type><term_type mm_name="google_book" location="http://books.google.com/books?id=d1KTEQpQ6vsC&amp;q=creative+cognition&amp;source=gbs_word_cloud_r&amp;cad=5" term="creative cognition" frequency="6"></term_type><term_type mm_name="google_book" location="http://books.google.com/books?id=d1KTEQpQ6vsC&amp;q=creative+individuals&amp;source=gbs_word_cloud_r&amp;cad=5" term="creative individuals" frequency="6"></term_type><term_type mm_name="google_book" location="http://books.google.com/books?id=d1KTEQpQ6vsC&amp;q=creative+person&amp;source=gbs_word_cloud_r&amp;cad=5" term="creative person" frequency="5"></term_type><term_type mm_name="google_book" location="http://books.google.com/books?id=d1KTEQpQ6vsC&amp;q=creative+process&amp;source=gbs_word_cloud_r&amp;cad=5" term="creative process" frequency="4"></term_type><term_type mm_name="google_book" location="http://books.google.com/books?id=d1KTEQpQ6vsC&amp;q=creative+products&amp;source=gbs_word_cloud_r&amp;cad=5" term="creative products" frequency="4"></term_type><term_type mm_name="google_book" location="http://books.google.com/books?id=d1KTEQpQ6vsC&amp;q=creative+thinking&amp;source=gbs_word_cloud_r&amp;cad=5" term="creative thinking" frequency="2"></term_type><term_type mm_name="google_book" location="http://books.google.com/books?id=d1KTEQpQ6vsC&amp;q=Creativity+Research+Journal&amp;source=gbs_word_cloud_r&amp;cad=5" term="Creativity Research Journal" frequency="3"></term_type><term_type mm_name="google_book" location="http://books.google.com/books?id=d1KTEQpQ6vsC&amp;q=creators&amp;source=gbs_word_cloud_r&amp;cad=5" term="creators" frequency="6"></term_type><term_type mm_name="google_book" location="http://books.google.com/books?id=d1KTEQpQ6vsC&amp;q=Cresskill&amp;source=gbs_word_cloud_r&amp;cad=5" term="Cresskill" frequency="4"></term_type><term_type mm_name="google_book" location="http://books.google.com/books?id=d1KTEQpQ6vsC&amp;q=Csikszentmihalyi&amp;source=gbs_word_cloud_r&amp;cad=5" term="Csikszentmihalyi" frequency="1"></term_type><term_type mm_name="google_book" location="http://books.google.com/books?id=d1KTEQpQ6vsC&amp;q=culture&amp;source=gbs_word_cloud_r&amp;cad=5" term="culture" frequency="3"></term_type><term_type mm_name="google_book" location="http://books.google.com/books?id=d1KTEQpQ6vsC&amp;q=Darwin&amp;source=gbs_word_cloud_r&amp;cad=5" term="Darwin" frequency="4"></term_type><term_type mm_name="google_book" location="http://books.google.com/books?id=d1KTEQpQ6vsC&amp;q=developmental&amp;source=gbs_word_cloud_r&amp;cad=5" term="developmental" frequency="8"></term_type><term_type mm_name="google_book" location="http://books.google.com/books?id=d1KTEQpQ6vsC&amp;q=discovery&amp;source=gbs_word_cloud_r&amp;cad=5" term="discovery" frequency="8"></term_type><term_type mm_name="google_book" location="http://books.google.com/books?id=d1KTEQpQ6vsC&amp;q=divergent+thinking&amp;source=gbs_word_cloud_r&amp;cad=5" term="divergent thinking" frequency="2"></term_type><term_type mm_name="google_book" location="http://books.google.com/books?id=d1KTEQpQ6vsC&amp;q=domain&amp;source=gbs_word_cloud_r&amp;cad=5" term="domain"></term_type><term_type mm_name="google_book" location="http://books.google.com/books?id=d1KTEQpQ6vsC&amp;q=Educational+Psychology&amp;source=gbs_word_cloud_r&amp;cad=5" term="Educational Psychology" frequency="4"></term_type><term_type mm_name="google_book" location="http://books.google.com/books?id=d1KTEQpQ6vsC&amp;q=effects&amp;source=gbs_word_cloud_r&amp;cad=5" term="effects" frequency="7"></term_type><term_type mm_name="google_book" location="http://books.google.com/books?id=d1KTEQpQ6vsC&amp;q=eminent&amp;source=gbs_word_cloud_r&amp;cad=5" term="eminent" frequency="7"></term_type><term_type mm_name="google_book" location="http://books.google.com/books?id=d1KTEQpQ6vsC&amp;q=environment&amp;source=gbs_word_cloud_r&amp;cad=5" term="environment" frequency="8"></term_type><term_type mm_name="google_book" location="http://books.google.com/books?id=d1KTEQpQ6vsC&amp;q=EURISKO&amp;source=gbs_word_cloud_r&amp;cad=5" term="EURISKO" frequency="4"></term_type><term_type mm_name="google_book" location="http://books.google.com/books?id=d1KTEQpQ6vsC&amp;q=evaluation&amp;source=gbs_word_cloud_r&amp;cad=5" term="evaluation" frequency="6"></term_type><term_type mm_name="google_book" location="http://books.google.com/books?id=d1KTEQpQ6vsC&amp;q=example&amp;source=gbs_word_cloud_r&amp;cad=5" term="example" frequency="5"></term_type><term_type mm_name="google_book" location="http://books.google.com/books?id=d1KTEQpQ6vsC&amp;q=experimental&amp;source=gbs_word_cloud_r&amp;cad=5" term="experimental" frequency="4"></term_type><term_type mm_name="google_book" location="http://books.google.com/books?id=d1KTEQpQ6vsC&amp;q=extrinsic&amp;source=gbs_word_cloud_r&amp;cad=5" term="extrinsic" frequency="6"></term_type><term_type mm_name="google_book" location="http://books.google.com/books?id=d1KTEQpQ6vsC&amp;q=Feist&amp;source=gbs_word_cloud_r&amp;cad=5" term="Feist" frequency="4"></term_type><term_type mm_name="google_book" location="http://books.google.com/books?id=d1KTEQpQ6vsC&amp;q=field&amp;source=gbs_word_cloud_r&amp;cad=5" term="field" frequency="7"></term_type><term_type mm_name="google_book" location="http://books.google.com/books?id=d1KTEQpQ6vsC&amp;q=Finke&amp;source=gbs_word_cloud_r&amp;cad=5" term="Finke" frequency="7"></term_type><term_type mm_name="google_book" location="http://books.google.com/books?id=d1KTEQpQ6vsC&amp;q=Gardner&amp;source=gbs_word_cloud_r&amp;cad=5" term="Gardner" frequency="4"></term_type><term_type mm_name="google_book" location="http://books.google.com/books?id=d1KTEQpQ6vsC&amp;q=genius&amp;source=gbs_word_cloud_r&amp;cad=5" term="genius" frequency="6"></term_type><term_type mm_name="google_book" location="http://books.google.com/books?id=d1KTEQpQ6vsC&amp;q=Getzels&amp;source=gbs_word_cloud_r&amp;cad=5" term="Getzels" frequency="5"></term_type><term_type mm_name="google_book" location="http://books.google.com/books?id=d1KTEQpQ6vsC&amp;q=Gruber&amp;source=gbs_word_cloud_r&amp;cad=5" term="Gruber" frequency="4"></term_type><term_type mm_name="google_book" location="http://books.google.com/books?id=d1KTEQpQ6vsC&amp;q=Guilford&amp;source=gbs_word_cloud_r&amp;cad=5" term="Guilford" frequency="7"></term_type><term_type mm_name="google_book" location="http://books.google.com/books?id=d1KTEQpQ6vsC&amp;q=historiometric&amp;source=gbs_word_cloud_r&amp;cad=5" term="historiometric"></term_type><term_type mm_name="google_book" location="http://books.google.com/books?id=d1KTEQpQ6vsC&amp;q=human&amp;source=gbs_word_cloud_r&amp;cad=5" term="human" frequency="7"></term_type><term_type mm_name="google_book" location="http://books.google.com/books?id=d1KTEQpQ6vsC&amp;q=ideas&amp;source=gbs_word_cloud_r&amp;cad=5" term="ideas" frequency="3"></term_type><term_type mm_name="google_book" location="http://books.google.com/books?id=d1KTEQpQ6vsC&amp;q=important&amp;source=gbs_word_cloud_r&amp;cad=5" term="important" frequency="8"></term_type><term_type mm_name="google_book" location="http://books.google.com/books?id=d1KTEQpQ6vsC&amp;q=individual+differences&amp;source=gbs_word_cloud_r&amp;cad=5" term="individual differences" frequency="8"></term_type><term_type mm_name="google_book" location="http://books.google.com/books?id=d1KTEQpQ6vsC&amp;q=innovation&amp;source=gbs_word_cloud_r&amp;cad=5" term="innovation" frequency="6"></term_type><term_type mm_name="google_book" location="http://books.google.com/books?id=d1KTEQpQ6vsC&amp;q=insight&amp;source=gbs_word_cloud_r&amp;cad=5" term="insight" frequency="5"></term_type><term_type mm_name="google_book" location="http://books.google.com/books?id=d1KTEQpQ6vsC&amp;q=intrinsic+motivation&amp;source=gbs_word_cloud_r&amp;cad=5" term="intrinsic motivation" frequency="1"></term_type><term_type mm_name="google_book" location="http://books.google.com/books?id=d1KTEQpQ6vsC&amp;q=investigations&amp;source=gbs_word_cloud_r&amp;cad=5" term="investigations" frequency="7"></term_type><term_type mm_name="google_book" location="http://books.google.com/books?id=d1KTEQpQ6vsC&amp;q=involved&amp;source=gbs_word_cloud_r&amp;cad=5" term="involved" frequency="7"></term_type><term_type mm_name="google_book" location="http://books.google.com/books?id=d1KTEQpQ6vsC&amp;q=Journal+of+Personality&amp;source=gbs_word_cloud_r&amp;cad=5" term="Journal of Personality" frequency="8"></term_type><term_type mm_name="google_book" location="http://books.google.com/books?id=d1KTEQpQ6vsC&amp;q=knowledge&amp;source=gbs_word_cloud_r&amp;cad=5" term="knowledge" frequency="7"></term_type><term_type mm_name="google_book" location="http://books.google.com/books?id=d1KTEQpQ6vsC&amp;q=Lubart&amp;source=gbs_word_cloud_r&amp;cad=5" term="Lubart"></term_type><term_type mm_name="google_book" location="http://books.google.com/books?id=d1KTEQpQ6vsC&amp;q=Martindale&amp;source=gbs_word_cloud_r&amp;cad=5" term="Martindale" frequency="5"></term_type><term_type mm_name="google_book" location="http://books.google.com/books?id=d1KTEQpQ6vsC&amp;q=measures&amp;source=gbs_word_cloud_r&amp;cad=5" term="measures" frequency="7"></term_type><term_type mm_name="google_book" location="http://books.google.com/books?id=d1KTEQpQ6vsC&amp;q=Mozart&amp;source=gbs_word_cloud_r&amp;cad=5" term="Mozart" frequency="5"></term_type><term_type mm_name="google_book" location="http://books.google.com/books?id=d1KTEQpQ6vsC&amp;q=natural+selection&amp;source=gbs_word_cloud_r&amp;cad=5" term="natural selection" frequency="4"></term_type><term_type mm_name="google_book" location="http://books.google.com/books?id=d1KTEQpQ6vsC&amp;q=nature+of+creativity&amp;source=gbs_word_cloud_r&amp;cad=5" term="nature of creativity" frequency="8"></term_type><term_type mm_name="google_book" location="http://books.google.com/books?id=d1KTEQpQ6vsC&amp;q=novel&amp;source=gbs_word_cloud_r&amp;cad=5" term="novel" frequency="7"></term_type><term_type mm_name="google_book" location="http://books.google.com/books?id=d1KTEQpQ6vsC&amp;q=organizational&amp;source=gbs_word_cloud_r&amp;cad=5" term="organizational" frequency="7"></term_type><term_type mm_name="google_book" location="http://books.google.com/books?id=d1KTEQpQ6vsC&amp;q=organizations&amp;source=gbs_word_cloud_r&amp;cad=5" term="organizations" frequency="6"></term_type><term_type mm_name="google_book" location="http://books.google.com/books?id=d1KTEQpQ6vsC&amp;q=originality&amp;source=gbs_word_cloud_r&amp;cad=5" term="originality" frequency="7"></term_type><term_type mm_name="google_book" location="http://books.google.com/books?id=d1KTEQpQ6vsC&amp;q=perspective&amp;source=gbs_word_cloud_r&amp;cad=5" term="perspective" frequency="7"></term_type><term_type mm_name="google_book" location="http://books.google.com/books?id=d1KTEQpQ6vsC&amp;q=potential&amp;source=gbs_word_cloud_r&amp;cad=5" term="potential" frequency="8"></term_type><term_type mm_name="google_book" location="http://books.google.com/books?id=d1KTEQpQ6vsC&amp;q=problem+solving&amp;source=gbs_word_cloud_r&amp;cad=5" term="problem solving" frequency="4"></term_type><term_type mm_name="google_book" location="http://books.google.com/books?id=d1KTEQpQ6vsC&amp;q=psychometric&amp;source=gbs_word_cloud_r&amp;cad=5" term="psychometric" frequency="1"></term_type><term_type mm_name="google_book" location="http://books.google.com/books?id=d1KTEQpQ6vsC&amp;q=psychoticism&amp;source=gbs_word_cloud_r&amp;cad=5" term="psychoticism" frequency="4"></term_type><term_type mm_name="google_book" location="http://books.google.com/books?id=d1KTEQpQ6vsC&amp;q=R.+J.+Sternberg&amp;source=gbs_word_cloud_r&amp;cad=5" term="R. J. Sternberg" frequency="7"></term_type><term_type mm_name="google_book" location="http://books.google.com/books?id=d1KTEQpQ6vsC&amp;q=research+on+creativity&amp;source=gbs_word_cloud_r&amp;cad=5" term="research on creativity" frequency="8"></term_type><term_type mm_name="google_book" location="http://books.google.com/books?id=d1KTEQpQ6vsC&amp;q=role&amp;source=gbs_word_cloud_r&amp;cad=5" term="role" frequency="8"></term_type><term_type mm_name="google_book" location="http://books.google.com/books?id=d1KTEQpQ6vsC&amp;q=Runco&amp;source=gbs_word_cloud_r&amp;cad=5" term="Runco" frequency="3"></term_type><term_type mm_name="google_book" location="http://books.google.com/books?id=d1KTEQpQ6vsC&amp;q=scientific&amp;source=gbs_word_cloud_r&amp;cad=5" term="scientific" frequency="6"></term_type><term_type mm_name="google_book" location="http://books.google.com/books?id=d1KTEQpQ6vsC&amp;q=scientists&amp;source=gbs_word_cloud_r&amp;cad=5" term="scientists" frequency="5"></term_type><term_type mm_name="google_book" location="http://books.google.com/books?id=d1KTEQpQ6vsC&amp;q=Simonton&amp;source=gbs_word_cloud_r&amp;cad=5" term="Simonton"></term_type><term_type mm_name="google_book" location="http://books.google.com/books?id=d1KTEQpQ6vsC&amp;q=skills&amp;source=gbs_word_cloud_r&amp;cad=5" term="skills" frequency="8"></term_type><term_type mm_name="google_book" location="http://books.google.com/books?id=d1KTEQpQ6vsC&amp;q=Smith&amp;source=gbs_word_cloud_r&amp;cad=5" term="Smith" frequency="8"></term_type><term_type mm_name="google_book" location="http://books.google.com/books?id=d1KTEQpQ6vsC&amp;q=Social+Psychology&amp;source=gbs_word_cloud_r&amp;cad=5" term="Social Psychology" frequency="3"></term_type><term_type mm_name="google_book" location="http://books.google.com/books?id=d1KTEQpQ6vsC&amp;q=structure&amp;source=gbs_word_cloud_r&amp;cad=5" term="structure" frequency="4"></term_type><term_type mm_name="google_book" location="http://books.google.com/books?id=d1KTEQpQ6vsC&amp;q=study+of+creativity&amp;source=gbs_word_cloud_r&amp;cad=5" term="study of creativity" frequency="4"></term_type><term_type mm_name="google_book" location="http://books.google.com/books?id=d1KTEQpQ6vsC&amp;q=talent&amp;source=gbs_word_cloud_r&amp;cad=5" term="talent" frequency="7"></term_type><term_type mm_name="google_book" location="http://books.google.com/books?id=d1KTEQpQ6vsC&amp;q=task&amp;source=gbs_word_cloud_r&amp;cad=5" term="task" frequency="6"></term_type><term_type mm_name="google_book" location="http://books.google.com/books?id=d1KTEQpQ6vsC&amp;q=tests&amp;source=gbs_word_cloud_r&amp;cad=5" term="tests" frequency="3"></term_type><term_type mm_name="google_book" location="http://books.google.com/books?id=d1KTEQpQ6vsC&amp;q=theory+of+creativity&amp;source=gbs_word_cloud_r&amp;cad=5" term="theory of creativity" frequency="7"></term_type><term_type mm_name="google_book" location="http://books.google.com/books?id=d1KTEQpQ6vsC&amp;q=tion&amp;source=gbs_word_cloud_r&amp;cad=5" term="tion" frequency="5"></term_type><term_type mm_name="google_book" location="http://books.google.com/books?id=d1KTEQpQ6vsC&amp;q=Torrance&amp;source=gbs_word_cloud_r&amp;cad=5" term="Torrance" frequency="4"></term_type><term_type mm_name="google_book" location="http://books.google.com/books?id=d1KTEQpQ6vsC&amp;q=traits&amp;source=gbs_word_cloud_r&amp;cad=5" term="traits" frequency="2"></term_type><term_type mm_name="google_book" location="http://books.google.com/books?id=d1KTEQpQ6vsC&amp;q=York&amp;source=gbs_word_cloud_r&amp;cad=5" term="York" frequency="3"></term_type></common_terms><editors><author mm_name="google_search" location="http://www.google.com/search?tbo=p&amp;tbm=bks&amp;q=+inauthor:%22Robert+J.+Sternberg%22&amp;source=gbs_metadata_r&amp;cad=9"></author></editors><selected_pages><page mm_name="google_book" location="http://books.google.com/books?id=d1KTEQpQ6vsC&amp;pg=PR3&amp;source=gbs_selected_pages&amp;cad=3"></page><page mm_name="google_book" location="http://books.google.com/books?id=d1KTEQpQ6vsC&amp;pg=PR7&amp;source=gbs_selected_pages&amp;cad=3"></page><page mm_name="google_book" location="http://books.google.com/books?id=d1KTEQpQ6vsC&amp;pg=PA461&amp;source=gbs_selected_pages&amp;cad=3"></page><page mm_name="google_book" location="http://books.google.com/books?id=d1KTEQpQ6vsC&amp;pg=PA132&amp;source=gbs_selected_pages&amp;cad=3"></page></selected_pages></google_book></references_from_books><selected_pages><page mm_name="google_book" location="http://books.google.com/books?id=d1KTEQpQ6vsC&amp;pg=PR3&amp;source=gbs_selected_pages&amp;cad=3"></page><page mm_name="google_book" location="http://books.google.com/books?id=d1KTEQpQ6vsC&amp;pg=PR7&amp;source=gbs_selected_pages&amp;cad=3"></page><page mm_name="google_book" location="http://books.google.com/books?id=d1KTEQpQ6vsC&amp;pg=PA461&amp;source=gbs_selected_pages&amp;cad=3"></page><page mm_name="google_book" location="http://books.google.com/books?id=d1KTEQpQ6vsC&amp;pg=PA132&amp;source=gbs_selected_pages&amp;cad=3"></page></selected_pages></google_book></source_doc></text_clipping><text_clipping text="creative cognition"></text_clipping><text_clipping text="neuroscience"></text_clipping><image_clipping mm_name="google_book"><source_doc><google_book location="http://books.google.com/books?id=j2RGPwAACAAJ" title="Creative cognition:theory, research, and applications" description="Creative Cognition combines original experiments with existing work in cognitive psychology to provide the first explicit account of the cognitive processes and structures that contribute to creative thinking and discovery.In separate chapters, the authors take up visualization, concept formation, categorization, memory retrieval, and problem solving. They describe novel experimental methods for studying creative cognitive processes under controlled laboratory conditions, along with techniques that can be used to generate many different types of inventions and concepts. Unlike traditional approaches, Creative Cognition considers creativity as a product of numerous cognitive processes, each of which helps to set the stage for insight and discovery. It identifies many of these processes as well as general principles of creative cognition that can be applied across a variety of different domains, with examples in artificial intelligence, engineering design, product development, architecture, education, and the visual arts.Following a summary of previous approaches to creativity, the authors present a theoretical model of the creative process. They review research involving an innovative imagery recombination technique, developed by Finke, that clearly demonstrates that creative inventions can be induced in the laboratory. They then describe experiments in category learning that support the provocative claim that the factors constraining category formation similarly constrain imagination and illustrate the role of various memory processes and other strategies in creative problem solving.Ronald A. Finke, Thomas B. Ward, and Steven M. Smith are all Associate Professors of Psychology at Texas A &amp; M University." isbn="0262061503, 9780262061506" pages="239" about_the_authors="Thomas B. Ward is Professor of Psychology at the University of Alabama." cover_image="http://books.google.com/googlebooks/images/no_cover_thumb.gif" simpl:id="1386966041"><authors><author mm_name="google_search" location="http://www.google.com/search?tbo=p&amp;tbm=bks&amp;q=+inauthor:%22Ronald+A.+Finke%22&amp;source=gbs_metadata_r&amp;cad=5"></author><author mm_name="google_search" location="http://www.google.com/search?tbo=p&amp;tbm=bks&amp;q=+inauthor:%22Thomas+B.+Ward%22&amp;source=gbs_metadata_r&amp;cad=5"></author><author mm_name="google_search" location="http://www.google.com/search?tbo=p&amp;tbm=bks&amp;q=+inauthor:%22Steven+M.+Smith%22&amp;source=gbs_metadata_r&amp;cad=5"></author></authors><publisher></publisher><subjects><subject mm_name="google_search" location="http://www.google.com/search?tbo=p&amp;tbm=bks&amp;q=+subject:%22Cognition%22&amp;source=gbs_metadata_r&amp;cad=5" subject="Cognition"></subject><subject mm_name="google_search" location="http://www.google.com/search?tbo=p&amp;tbm=bks&amp;q=+subject:%22Creative+thinking%22&amp;source=gbs_metadata_r&amp;cad=5" subject="Creative thinking"></subject><subject mm_name="google_search" location="http://www.google.com/search?tbo=p&amp;tbm=bks&amp;q=+subject:%22Imagery+(Psychology)%22&amp;source=gbs_metadata_r&amp;cad=5" subject="Imagery (Psychology)"></subject><subject mm_name="google_search" location="http://www.google.com/search?tbo=p&amp;tbm=bks&amp;q=+subject:%22Medical+/+Mental+Health%22&amp;source=gbs_metadata_r&amp;cad=5" subject="Medical / Mental Health"></subject><subject mm_name="google_search" location="http://www.google.com/search?tbo=p&amp;tbm=bks&amp;q=+subject:%22Psychology+/+Cognitive+Psychology%22&amp;source=gbs_metadata_r&amp;cad=5" subject="Psychology / Cognitive Psychology"></subject><subject mm_name="google_search" location="http://www.google.com/search?tbo=p&amp;tbm=bks&amp;q=+subject:%22Psychology+/+Creative+Ability%22&amp;source=gbs_metadata_r&amp;cad=5" subject="Psychology / Creative Ability"></subject><subject mm_name="google_search" location="http://www.google.com/search?tbo=p&amp;tbm=bks&amp;q=+subject:%22Psychology+/+General%22&amp;source=gbs_metadata_r&amp;cad=5" subject="Psychology / General"></subject><subject mm_name="google_search" location="http://www.google.com/search?tbo=p&amp;tbm=bks&amp;q=+subject:%22Self-Help+/+Creativity%22&amp;source=gbs_metadata_r&amp;cad=5" subject="Self-Help / Creativity"></subject><subject mm_name="google_search" location="http://www.google.com/search?tbo=p&amp;tbm=bks&amp;q=+subject:%22Visualization%22&amp;source=gbs_metadata_r&amp;cad=5" subject="Visualization"></subject></subjects></google_book></source_doc><image mm_name="google_book" location="file://C:/Users/quyin/workspaces/ecologylab-backup/ecologylabSemanticsORM/resources/sample-compositions/cognitionNeuroscience-images/pasted-5.png" local_location="file://C:/Users/quyin/workspaces/ecologylab-backup/ecologylabSemanticsORM/resources/sample-compositions/cognitionNeuroscience-images/pasted-5.png"></image></image_clipping><text_clipping text="cognition and neuroscience"><source_doc><document location="https://docs.google.com/document/d/1E8xLkpj4pRaCrs1Nl_Nz6_HQCC4SXfT7epN9VYoE6k4/edit?hl=en&amp;authkey=CJy1u9gJ" title="Cognition and Neuroscience"></document></source_doc></text_clipping><text_clipping text="one of the ways of approaching creativity is the exploration of how creative and novel acts or thoughts can be generated by everyday&#10;processes of the human mind and body."><source_doc><google_book simpl:ref="1386966041"/></source_doc></text_clipping><text_clipping text="investment theory"></text_clipping><text_clipping text="fixation refers to something that blocks or impedes the successful completion&#10;of various types of cognitive operations, such as those involved in remembering,&#10;problem solving, and generating creative ideas."><source_doc><document simpl:ref="469093501"/></source_doc></text_clipping><text_clipping text="one basic goal of the creative cognition approach is to learn more and raise new questions about cognition by examining creative contexts."><source_doc><google_book simpl:ref="1386966041"/></source_doc></text_clipping><text_clipping text="according to the investment theory, creativity requires the confluence of six distinct but interrelated resources: intellectual ability, knowledge, styles of thinking, personality, motivation, and environment"><source_doc><google_book simpl:ref="966529597"/></source_doc></text_clipping><text_clipping text="neuroscience can look for those processes that might differentiate creative from noncreative information-processing at the neural level, which, in turn, can inform explanatory mechanisms at the cognitive level"><source_doc><science_direct_article location="http://www.sciencedirect.com/science?_ob=ArticleURL&amp;_udi=B6WN5-4NGKTJP-5&amp;_user=952835&amp;_coverDate=05%2F31%2F2007&amp;_rdoc=1&amp;_fmt=high&amp;_orig=search&amp;_origin=search&amp;_sort=d&amp;_docanchor=&amp;view=c&amp;_acct=C000049198&amp;_version=1&amp;_urlVersion=0&amp;_userid=952835&amp;md5=68cc269a0ec1ea197f1ca358713a6858&amp;searchtype=a" title="Who&#39;s afraid of a cognitive neuroscience of creativity?" publication_name="Methods" volume="Volume 42" issue="Issue 1" doi="doi:10.1016/j.ymeth.2006.12.009" simpl:id="330617886"><abstract>This article has two goals. First, the ideas outlined here can be seen as a&#10;            sustained and disciplined demolition project aimed at&#10;            sanitizing our bad habits of&#10;            thinking about creativity. Apart from the enormous amount of fluff out there, the study&#10;            of creativity is,&#10;            quite unfortunately, still dominated by a number of rather dated ideas&#10;            that are either so simplistic that nothing good can possibly come&#10;            out of them or, given&#10;            what we know about the brain, factually mistaken. As cognitive neuroscience is making&#10;            more serious contact with the&#10;            knowledge base of creativity, we must, from the outset,&#10;            clear the ground of these pernicious fossil traces from a bygone era. The best&#10;            neuroimaging techniques help little if we don&#39;t know what to look for. Second, as an&#10;            antidote to these theoretical duds, the article&#10;            offers fresh ideas on possible mechanisms&#10;            of creativity. Given that they are grounded in current understanding of cognitive and&#10;            neural&#10;            processes, it is hoped that these ideas represent steps broadly pointing in the&#10;            right direction. In the end, the fundamental question we&#10;            must ask ourselves is what,&#10;            exactly, are the mental processes?or their critical elements?that yield creative&#10;            thoughts.</abstract><authors><author></author></authors><references><reference></reference><reference></reference><reference></reference><reference></reference><reference></reference><reference></reference><reference></reference><reference></reference><reference></reference><reference></reference><reference></reference><reference></reference><reference></reference></references></science_direct_article></source_doc></text_clipping><text_clipping text="what we need to do now is to ground creativity research in this extensive knowledge base of cognitive and neural processes, while at the same time guard against the haphazard borrowing of concepts from cognitive neuroscience that will do nothing but generate the next round of pernicious fallacies that are then equally difficult to demolish"><source_doc><science_direct_article simpl:ref="330617886"/></source_doc></text_clipping><text_clipping text="examine the more open-ended tasks of creative idea generation"><source_doc><document simpl:ref="469093501"/></source_doc></text_clipping></clippings><composition_space extent="0 0 0 0" is_active="true" is_interactive="true" z_index="-1"></composition_space></information_composition>