<information_composition version="5.0" metadata_version="2.68" window_size="FULL_SCREEN" width="1920" height="1080" xmlns:simpl="http://ecologylab.net/research/simplGuide/serialization/index.html"><clippings><image_clipping mm_name="document"><source_doc><document location="http://scitation.aip.org/getabs/servlet/GetabsServlet?prog=normal&amp;id=ASMECP00200337017b000847000001&amp;idtype=cvips&amp;gifs=yes&amp;ref=no" title="Empirical Studies of Design Ideation: Alignment of Design Experiments With Lab Experiments"></document></source_doc><image location="file://C:/Users/quyin/workspaces/ecologylab-backup/ecologylabSemanticsORM/resources/sample-compositions/evaluation-images/pasted-4.png" width="825" height="351" local_location="file://C:/Users/quyin/workspaces/ecologylab-backup/ecologylabSemanticsORM/resources/sample-compositions/evaluation-images/pasted-4.png"></image></image_clipping><image_clipping mm_name="document"><source_doc><citeseerx_summary mm_name="document" location="http://citeseerx.ist.psu.edu/viewdoc/download;jsessionid=37D8D874B303FFAC2B8D417770926381?doi=10.1.1.91.8123&amp;rep=rep1&amp;type=pdf" title="Creativity Support Tool Evaluation Methods and Metrics Tom Hewett, Drexel University" active_bibliography_page="http://citeseerx.ist.psu.edu/viewdoc/similar?doi=10.1.1.91.8123&amp;type=ab" cocitation_page="http://citeseerx.ist.psu.edu/viewdoc/similar?doi=10.1.1.91.8123&amp;type=cc" simpl:id="474187818"><abstract>An overview and meta-analysis of psychological research on creativity One goal&#10;            of this portion of the report is to provide a brief&#10;            overview of our current understanding&#10;            of what the psychological research community examining creativity tells us about the&#10;            topic, as well&#10;            as to review some of the conceptual and methodological issues involved in&#10;            the psychological study of creativity. A third goal is to&#10;            discuss some of the&#10;            implications of this research for requirements analysis for creativity support tools,&#10;            for the design of creativity&#10;            support tools, and for the evaluation of the impact of those&#10;            tools intended to support creativity. This discussion is based upon a&#10;            presentation and&#10;            subsequent discussion at the NSF Sponsored Creativity Support Tools (CST) Workshop held&#10;            in Washington, DC in June of&#10;            2005. In providing an overview of the Psychological research&#10;            on creativity we have relied heavily on various sources in The Handbook of&#10;            Creativity&#10;            (Sternberg, 1999), in particular the overview article by Mayer (1999). The authors in&#10;            Sternberg&#226;&#8364;&#8482;s collection&#10;            of reviews provide a high level view of the&#10;            state of the art and findings of psychological research on creativity. The work in this&#10;            Handbook is highly consistent with the work of several other authors who have also&#10;            surveyed major aspects of the research findings (e.g.,&#10;            Csikszentmihalyi, 1997; Gardner,&#10;            1989). Several of the authors in Sternberg adopt a working definition of creativity that&#10;            is consistent&#10;            with those</abstract><authors><author></author><author></author><author></author><author></author><author></author></authors><source mm_name="source"></source><references><reference location="http://citeseerx.ist.psu.edu/showciting?cid=204284"></reference><reference location="http://citeseerx.ist.psu.edu/viewdoc/summary?cid=210926"></reference><reference location="http://citeseerx.ist.psu.edu/showciting?cid=386399"></reference><reference location="http://citeseerx.ist.psu.edu/showciting?cid=150720"></reference><reference location="http://citeseerx.ist.psu.edu/viewdoc/summary?cid=230214"></reference><reference location="http://citeseerx.ist.psu.edu/showciting?cid=326950"></reference><reference location="http://citeseerx.ist.psu.edu/showciting?cid=448946"></reference><reference location="http://citeseerx.ist.psu.edu/showciting?cid=385721"></reference><reference location="http://citeseerx.ist.psu.edu/showciting?cid=256709"></reference><reference location="http://citeseerx.ist.psu.edu/viewdoc/summary?cid=817827"></reference><reference location="http://citeseerx.ist.psu.edu/showciting?cid=3620022"></reference><reference location="http://citeseerx.ist.psu.edu/viewdoc/summary?cid=630108"></reference><reference location="http://citeseerx.ist.psu.edu/showciting?cid=1331747"></reference><reference location="http://citeseerx.ist.psu.edu/showciting?cid=1719178"></reference><reference location="http://citeseerx.ist.psu.edu/showciting?cid=3922098"></reference><reference location="http://citeseerx.ist.psu.edu/showciting?cid=1594434"></reference><reference location="http://citeseerx.ist.psu.edu/showciting?cid=3620496"></reference><reference location="http://citeseerx.ist.psu.edu/showciting?cid=538194"></reference><reference location="http://citeseerx.ist.psu.edu/showciting?cid=505594"></reference><reference location="http://citeseerx.ist.psu.edu/showciting?cid=3922092"></reference><reference location="http://citeseerx.ist.psu.edu/showciting?cid=386398"></reference><reference location="http://citeseerx.ist.psu.edu/showciting?cid=5156885"></reference><reference location="http://citeseerx.ist.psu.edu/showciting?cid=5156884"></reference><reference location="http://citeseerx.ist.psu.edu/showciting?cid=4927302"></reference><reference location="http://citeseerx.ist.psu.edu/showciting?cid=5156886"></reference></references></citeseerx_summary></source_doc><image location="file://C:/Users/quyin/workspaces/ecologylab-backup/ecologylabSemanticsORM/resources/sample-compositions/evaluation-images/pasted-5.png" width="820" height="423" local_location="file://C:/Users/quyin/workspaces/ecologylab-backup/ecologylabSemanticsORM/resources/sample-compositions/evaluation-images/pasted-5.png"></image></image_clipping><text_clipping text="creativity support tools"><source_doc><document mm_name="dx_doi"></document></source_doc></text_clipping><image_clipping mm_name="acm_portal"><source_doc><scholarly_article mm_name="acm_portal" location="http://portal.acm.org/citation.cfm?id=1640255" title="Creativity factor evaluation: towards a standardized survey metric for creativity support"><authors><author mm_name="document" location="http://portal.acm.org/author_page.cfm?id=81416594307&amp;coll=DL&amp;dl=ACM&amp;trk=0&amp;cfid=9644542&amp;cftoken=93184307" affiliation="University of North Carolina at Charlotte, Charlotte, NC, USA"></author><author mm_name="document" location="http://portal.acm.org/author_page.cfm?id=81100323202&amp;coll=DL&amp;dl=ACM&amp;trk=0&amp;cfid=9644542&amp;cftoken=93184307" affiliation="University of North Carolina at Charlotte, Charlotte, NC, USA"></author><author mm_name="document" location="http://portal.acm.org/author_page.cfm?id=81100207691&amp;coll=DL&amp;dl=ACM&amp;trk=0&amp;cfid=9644542&amp;cftoken=93184307" affiliation="University of Waterloo, Waterloo, ON, Canada"></author><author mm_name="document" location="http://portal.acm.org/author_page.cfm?id=81100295906&amp;coll=DL&amp;dl=ACM&amp;trk=0&amp;cfid=9644542&amp;cftoken=93184307" affiliation="University of Waterloo, Waterloo, ON, Canada"></author></authors><source mm_name="source" location="http://portal.acm.org/C&amp;C &#39;09" title="C&amp;C &#39;09 Proceeding of the seventh ACM conference on Creativity and cognition table of contents" year="2009" archive_name="C&amp;C &#39;09 Proceeding of the seventh ACM conference on Creativity and cognition table of contents"></source><references><reference location="http://portal.acm.org/citation.cfm?id=1449725&amp;CFID=9644542&amp;CFTOKEN=93184307"></reference><reference location="http://portal.acm.org/citation.cfm?id=1143082&amp;CFID=9644542&amp;CFTOKEN=93184307"></reference><reference location="http://portal.acm.org/citation.cfm?id=985977&amp;CFID=9644542&amp;CFTOKEN=93184307"></reference></references><citations><citation location="http://portal.acm.org/citation.cfm?id=1754018&amp;CFID=9644542&amp;CFTOKEN=93184307"></citation></citations><classifications><tag tag_name="Information Systems" link="http://portal.acm.org/results.cfm?query=PrimaryCCS%3AH&amp;querydisp=PrimaryCCS%3AH&amp;termshow=matchboolean&amp;CFID=9644542&amp;CFTOKEN=93184307"></tag><tag tag_name="INFORMATION INTERFACES AND PRESENTATION (I.7)" link="http://portal.acm.org/results.cfm?query=PrimaryCCS%3AH5&amp;querydisp=PrimaryCCS%3AH5&amp;termshow=matchboolean&amp;CFID=9644542&amp;CFTOKEN=93184307"></tag><tag tag_name="User Interfaces (D.2.2, H.1.2, I.3.6)" link="http://portal.acm.org/results.cfm?query=PrimaryCCS%3AH52&amp;querydisp=PrimaryCCS%3AH52&amp;termshow=matchboolean&amp;CFID=9644542&amp;CFTOKEN=93184307"></tag><tag tag_name="Evaluation/methodology" link="http://portal.acm.org/results.cfm?query=PrimarySubject%3A%22Evaluation%2Fmethodology%22&amp;querydisp=PrimarySubject%3A%22Evaluation%2Fmethodology%22&amp;termshow=matchboolean&amp;CFID=9644542&amp;CFTOKEN=93184307"></tag></classifications><keywords><tag tag_name="creativity" link="http://portal.acm.org/results.cfm?query=%22creativity%22&amp;querydisp=%22creativity%22&amp;termshow=matchall&amp;cfid=9644542&amp;cftoken=93184307"></tag><tag tag_name="creativity support tools" link="http://portal.acm.org/results.cfm?query=%22creativity%20support%20tools%22&amp;querydisp=%22creativity%20support%20tools%22&amp;termshow=matchall&amp;cfid=9644542&amp;cftoken=93184307"></tag><tag tag_name="evaluation/methodology" link="http://portal.acm.org/results.cfm?query=%22evaluation%2Fmethodology%22&amp;querydisp=%22evaluation%2Fmethodology%22&amp;termshow=matchall&amp;cfid=9644542&amp;cftoken=93184307"></tag><tag tag_name="factor validation" link="http://portal.acm.org/results.cfm?query=%22factor%20validation%22&amp;querydisp=%22factor%20validation%22&amp;termshow=matchall&amp;cfid=9644542&amp;cftoken=93184307"></tag><tag tag_name="measurement" link="http://portal.acm.org/results.cfm?query=%22measurement%22&amp;querydisp=%22measurement%22&amp;termshow=matchall&amp;cfid=9644542&amp;cftoken=93184307"></tag><tag tag_name="standardization" link="http://portal.acm.org/results.cfm?query=%22standardization%22&amp;querydisp=%22standardization%22&amp;termshow=matchall&amp;cfid=9644542&amp;cftoken=93184307"></tag><tag tag_name="standardized survey metrics" link="http://portal.acm.org/results.cfm?query=%22standardized%20survey%20metrics%22&amp;querydisp=%22standardized%20survey%20metrics%22&amp;termshow=matchall&amp;cfid=9644542&amp;cftoken=93184307"></tag></keywords></scholarly_article></source_doc><image location="file://C:/Users/quyin/workspaces/ecologylab-backup/ecologylabSemanticsORM/resources/sample-compositions/evaluation-images/pasted-6.png" local_location="file://C:/Users/quyin/workspaces/ecologylab-backup/ecologylabSemanticsORM/resources/sample-compositions/evaluation-images/pasted-6.png"></image></image_clipping><image_clipping mm_name="document"><source_doc><document location="http://www.informaworld.com/smpp/content~db=all~content=a794565573~tab=content~order=page" title="An Experimental Method for Measuring the Emergence of New Ideas in Information Discovery - International Journal of Human-Computer Interaction" simpl:id="219913469"></document></source_doc><image location="file://C:/Users/quyin/workspaces/ecologylab-backup/ecologylabSemanticsORM/resources/sample-compositions/evaluation-images/pasted-7.png" local_location="file://C:/Users/quyin/workspaces/ecologylab-backup/ecologylabSemanticsORM/resources/sample-compositions/evaluation-images/pasted-7.png"></image></image_clipping><text_clipping text="a set of criteria which can be applied to a situation where a (potentially creative) program has created some output data (artefacts), and which give some indicators of the extent to which that program has been creative on that occasion."><source_doc><document location="http://www.springerlink.com/content/873382581451wk27/" title="SpringerLink - Minds and Machines, Volume 17, Number 1"></document></source_doc></text_clipping><text_clipping text="creative intellectual information discovery tasks and activities that humans engage in with digital information resources are critical to research, writing, learning, and invention."><source_doc><document simpl:ref="219913469"/></source_doc></text_clipping><text_clipping text="computational"><source_doc><document mm_name="dx_doi"></document></source_doc></text_clipping><text_clipping text="information discovery"><source_doc><document mm_name="dx_doi"></document></source_doc></text_clipping><text_clipping text="measures of a creativity support tool&#8217;s success are partially dependent on how success is defined and evaluated within a specific community of practice. Consequently, traditional measures such as performance or efficiency, while still important, are only one lens with which to view the value of a creativity support tool."><source_doc><citeseerx_summary simpl:ref="474187818"/></source_doc></text_clipping><text_clipping text="to fully understand the phenomenon of creativity,&#10;it is important to adequately assess each &#10;creativity component, the creative process, and&#10; creative outcomes, and creative outcomes."><source_doc><google_book location="http://books.google.com/books?id=CR-Zgo-NS6kC" title="Handbook of organizational creativity" description="This volume is a comprehensive and cutting-edge reference book reflecting current knowledge in the rapidly growing area of organizational creativity. The contributors to this volume are all leading researchers in the field of organizational creativity. This volume (a) provides a historical review of organizational creativity theory and research; (b) presents critical reviews and summaries of research on micro, meso, and macro topics (e.g., leadership, feedback, goals and role expectations, groups and teams, social networks, climate and culture, deep structures, sense-making processes, and creativity and organizational change) concerning organizational creativity; (c) demonstrates contributions of creativity to individual work outcomes and organizational success; and (d) discusses emerging areas and highlights promising future research trends. Professors and graduate students in management (e.g., organizational behavior, organizational theory, entrepreneurship, strategic management, human resource management, and change management) and psychology (e.g., industrial and organizational psychology, social psychology, and educational psychology) will find this volume most beneficial. Professors and graduate students in marketing, sociology, and education also may find this book useful and relevant. Thoughtful managers and executives, professionals and knowledge workers, and aspiring managers and MBA students also would find this book beneficial in sharpening their thinking, and helping them to identify the right tools for managing creativity. Also from LEA/Psychology Press Elsbach: Organizational Perception Management, 2006, ISBN # 0-8058-4796-3 Ostroff-Judge: Perspectives in Organizational Fit, 2007, ISBN# 0-8058-5195-X" isbn="0805840729, 9780805840728" pages="393" cover_image="http://bks3.books.google.com/books?id=CR-Zgo-NS6kC&amp;printsec=frontcover&amp;img=1&amp;zoom=1&amp;edge=curl&amp;sig=ACfU3U2nTFSM4hfRx7ZGhMVIRjMmk6SKBA" category="Business &amp; Economics"><authors><author mm_name="google_search" location="http://www.google.com/search?tbo=p&amp;tbm=bks&amp;q=+inauthor:%22Jing+Zhou%22&amp;source=gbs_metadata_r&amp;cad=7"></author><author mm_name="google_search" location="http://www.google.com/search?tbo=p&amp;tbm=bks&amp;q=+inauthor:%22Christina+Shalley%22&amp;source=gbs_metadata_r&amp;cad=7"></author></authors><publisher></publisher><subjects><subject mm_name="google_search" location="http://www.google.com/search?tbo=p&amp;tbm=bks&amp;q=+subject:%22Business+%26+Economics+/+Motivational%22&amp;source=gbs_metadata_r&amp;cad=7" subject="Business &amp; Economics / Motivational"></subject><subject mm_name="google_search" location="http://www.google.com/search?tbo=p&amp;tbm=bks&amp;q=+subject:%22Business+%26+Economics+/+Structural+Adjustment%22&amp;source=gbs_metadata_r&amp;cad=7" subject="Business &amp; Economics / Structural Adjustment"></subject><subject mm_name="google_search" location="http://www.google.com/search?tbo=p&amp;tbm=bks&amp;q=+subject:%22Creative+ability+in+business%22&amp;source=gbs_metadata_r&amp;cad=7" subject="Creative ability in business"></subject><subject mm_name="google_search" location="http://www.google.com/search?tbo=p&amp;tbm=bks&amp;q=+subject:%22Employee+motivation%22&amp;source=gbs_metadata_r&amp;cad=7" subject="Employee motivation"></subject><subject mm_name="google_search" location="http://www.google.com/search?tbo=p&amp;tbm=bks&amp;q=+subject:%22Empolyee+motivation%22&amp;source=gbs_metadata_r&amp;cad=7" subject="Empolyee motivation"></subject><subject mm_name="google_search" location="http://www.google.com/search?tbo=p&amp;tbm=bks&amp;q=+subject:%22Psychology+/+General%22&amp;source=gbs_metadata_r&amp;cad=7" subject="Psychology / General"></subject><subject mm_name="google_search" location="http://www.google.com/search?tbo=p&amp;tbm=bks&amp;q=+subject:%22Psychology+/+Industrial+%26+Organizational+Psychology%22&amp;source=gbs_metadata_r&amp;cad=7" subject="Psychology / Industrial &amp; Organizational Psychology"></subject></subjects><common_terms><term_type mm_name="google_book" location="http://books.google.com/books?id=CR-Zgo-NS6kC&amp;q=Academy+of+Management&amp;source=gbs_word_cloud_r&amp;cad=4" term="Academy of Management" frequency="2"></term_type><term_type mm_name="google_book" location="http://books.google.com/books?id=CR-Zgo-NS6kC&amp;q=action&amp;source=gbs_word_cloud_r&amp;cad=4" term="action" frequency="8"></term_type><term_type mm_name="google_book" location="http://books.google.com/books?id=CR-Zgo-NS6kC&amp;q=Administrative+Science+Quarterly&amp;source=gbs_word_cloud_r&amp;cad=4" term="Administrative Science Quarterly" frequency="8"></term_type><term_type mm_name="google_book" location="http://books.google.com/books?id=CR-Zgo-NS6kC&amp;q=Amabile&amp;source=gbs_word_cloud_r&amp;cad=4" term="Amabile"></term_type><term_type mm_name="google_book" location="http://books.google.com/books?id=CR-Zgo-NS6kC&amp;q=Applied+Psychology&amp;source=gbs_word_cloud_r&amp;cad=4" term="Applied Psychology" frequency="6"></term_type><term_type mm_name="google_book" location="http://books.google.com/books?id=CR-Zgo-NS6kC&amp;q=assessment&amp;source=gbs_word_cloud_r&amp;cad=4" term="assessment" frequency="7"></term_type><term_type mm_name="google_book" location="http://books.google.com/books?id=CR-Zgo-NS6kC&amp;q=ativity&amp;source=gbs_word_cloud_r&amp;cad=4" term="ativity" frequency="4"></term_type><term_type mm_name="google_book" location="http://books.google.com/books?id=CR-Zgo-NS6kC&amp;q=brainstorming&amp;source=gbs_word_cloud_r&amp;cad=4" term="brainstorming" frequency="3"></term_type><term_type mm_name="google_book" location="http://books.google.com/books?id=CR-Zgo-NS6kC&amp;q=climate&amp;source=gbs_word_cloud_r&amp;cad=4" term="climate" frequency="8"></term_type><term_type mm_name="google_book" location="http://books.google.com/books?id=CR-Zgo-NS6kC&amp;q=cognitive&amp;source=gbs_word_cloud_r&amp;cad=4" term="cognitive" frequency="4"></term_type><term_type mm_name="google_book" location="http://books.google.com/books?id=CR-Zgo-NS6kC&amp;q=community+of+practice&amp;source=gbs_word_cloud_r&amp;cad=4" term="community of practice" frequency="2"></term_type><term_type mm_name="google_book" location="http://books.google.com/books?id=CR-Zgo-NS6kC&amp;q=context&amp;source=gbs_word_cloud_r&amp;cad=4" term="context" frequency="4"></term_type><term_type mm_name="google_book" location="http://books.google.com/books?id=CR-Zgo-NS6kC&amp;q=creative+activity&amp;source=gbs_word_cloud_r&amp;cad=4" term="creative activity" frequency="5"></term_type><term_type mm_name="google_book" location="http://books.google.com/books?id=CR-Zgo-NS6kC&amp;q=Creative+Behavior&amp;source=gbs_word_cloud_r&amp;cad=4" term="Creative Behavior" frequency="8"></term_type><term_type mm_name="google_book" location="http://books.google.com/books?id=CR-Zgo-NS6kC&amp;q=creative+outcomes&amp;source=gbs_word_cloud_r&amp;cad=4" term="creative outcomes" frequency="9"></term_type><term_type mm_name="google_book" location="http://books.google.com/books?id=CR-Zgo-NS6kC&amp;q=creative+performance&amp;source=gbs_word_cloud_r&amp;cad=4" term="creative performance" frequency="3"></term_type><term_type mm_name="google_book" location="http://books.google.com/books?id=CR-Zgo-NS6kC&amp;q=creative+process&amp;source=gbs_word_cloud_r&amp;cad=4" term="creative process" frequency="5"></term_type><term_type mm_name="google_book" location="http://books.google.com/books?id=CR-Zgo-NS6kC&amp;q=creativity+and+innovation&amp;source=gbs_word_cloud_r&amp;cad=4" term="creativity and innovation" frequency="7"></term_type><term_type mm_name="google_book" location="http://books.google.com/books?id=CR-Zgo-NS6kC&amp;q=creativity+goal&amp;source=gbs_word_cloud_r&amp;cad=4" term="creativity goal" frequency="9"></term_type><term_type mm_name="google_book" location="http://books.google.com/books?id=CR-Zgo-NS6kC&amp;q=creativity-relevant&amp;source=gbs_word_cloud_r&amp;cad=4" term="creativity-relevant" frequency="9"></term_type><term_type mm_name="google_book" location="http://books.google.com/books?id=CR-Zgo-NS6kC&amp;q=Csikszentmihalyi&amp;source=gbs_word_cloud_r&amp;cad=4" term="Csikszentmihalyi" frequency="9"></term_type><term_type mm_name="google_book" location="http://books.google.com/books?id=CR-Zgo-NS6kC&amp;q=domain&amp;source=gbs_word_cloud_r&amp;cad=4" term="domain" frequency="8"></term_type><term_type mm_name="google_book" location="http://books.google.com/books?id=CR-Zgo-NS6kC&amp;q=effects&amp;source=gbs_word_cloud_r&amp;cad=4" term="effects" frequency="3"></term_type><term_type mm_name="google_book" location="http://books.google.com/books?id=CR-Zgo-NS6kC&amp;q=emotional&amp;source=gbs_word_cloud_r&amp;cad=4" term="emotional" frequency="9"></term_type><term_type mm_name="google_book" location="http://books.google.com/books?id=CR-Zgo-NS6kC&amp;q=emotional+intelligence&amp;source=gbs_word_cloud_r&amp;cad=4" term="emotional intelligence" frequency="3"></term_type><term_type mm_name="google_book" location="http://books.google.com/books?id=CR-Zgo-NS6kC&amp;q=employee+creativity&amp;source=gbs_word_cloud_r&amp;cad=4" term="employee creativity" frequency="3"></term_type><term_type mm_name="google_book" location="http://books.google.com/books?id=CR-Zgo-NS6kC&amp;q=environment&amp;source=gbs_word_cloud_r&amp;cad=4" term="environment" frequency="4"></term_type><term_type mm_name="google_book" location="http://books.google.com/books?id=CR-Zgo-NS6kC&amp;q=examined&amp;source=gbs_word_cloud_r&amp;cad=4" term="examined" frequency="8"></term_type><term_type mm_name="google_book" location="http://books.google.com/books?id=CR-Zgo-NS6kC&amp;q=example&amp;source=gbs_word_cloud_r&amp;cad=4" term="example" frequency="8"></term_type><term_type mm_name="google_book" location="http://books.google.com/books?id=CR-Zgo-NS6kC&amp;q=expected+evaluation&amp;source=gbs_word_cloud_r&amp;cad=4" term="expected evaluation" frequency="8"></term_type><term_type mm_name="google_book" location="http://books.google.com/books?id=CR-Zgo-NS6kC&amp;q=feedback&amp;source=gbs_word_cloud_r&amp;cad=4" term="feedback"></term_type><term_type mm_name="google_book" location="http://books.google.com/books?id=CR-Zgo-NS6kC&amp;q=focused&amp;source=gbs_word_cloud_r&amp;cad=4" term="focused" frequency="7"></term_type><term_type mm_name="google_book" location="http://books.google.com/books?id=CR-Zgo-NS6kC&amp;q=Ford&amp;source=gbs_word_cloud_r&amp;cad=4" term="Ford" frequency="9"></term_type><term_type mm_name="google_book" location="http://books.google.com/books?id=CR-Zgo-NS6kC&amp;q=Gilson&amp;source=gbs_word_cloud_r&amp;cad=4" term="Gilson" frequency="8"></term_type><term_type mm_name="google_book" location="http://books.google.com/books?id=CR-Zgo-NS6kC&amp;q=Hargadon&amp;source=gbs_word_cloud_r&amp;cad=4" term="Hargadon" frequency="7"></term_type><term_type mm_name="google_book" location="http://books.google.com/books?id=CR-Zgo-NS6kC&amp;q=implementation&amp;source=gbs_word_cloud_r&amp;cad=4" term="implementation" frequency="9"></term_type><term_type mm_name="google_book" location="http://books.google.com/books?id=CR-Zgo-NS6kC&amp;q=individual+creativity&amp;source=gbs_word_cloud_r&amp;cad=4" term="individual creativity" frequency="7"></term_type><term_type mm_name="google_book" location="http://books.google.com/books?id=CR-Zgo-NS6kC&amp;q=individual%E2%80%99s&amp;source=gbs_word_cloud_r&amp;cad=4" term="individual&#226;&#8364;&#8482;s" frequency="7"></term_type><term_type mm_name="google_book" location="http://books.google.com/books?id=CR-Zgo-NS6kC&amp;q=influence&amp;source=gbs_word_cloud_r&amp;cad=4" term="influence" frequency="6"></term_type><term_type mm_name="google_book" location="http://books.google.com/books?id=CR-Zgo-NS6kC&amp;q=interactions&amp;source=gbs_word_cloud_r&amp;cad=4" term="interactions" frequency="6"></term_type><term_type mm_name="google_book" location="http://books.google.com/books?id=CR-Zgo-NS6kC&amp;q=intrinsic+motivation&amp;source=gbs_word_cloud_r&amp;cad=4" term="intrinsic motivation" frequency="1"></term_type><term_type mm_name="google_book" location="http://books.google.com/books?id=CR-Zgo-NS6kC&amp;q=Journal+of+Applied&amp;source=gbs_word_cloud_r&amp;cad=4" term="Journal of Applied" frequency="7"></term_type><term_type mm_name="google_book" location="http://books.google.com/books?id=CR-Zgo-NS6kC&amp;q=Journal+of+Personality&amp;source=gbs_word_cloud_r&amp;cad=4" term="Journal of Personality" frequency="9"></term_type><term_type mm_name="google_book" location="http://books.google.com/books?id=CR-Zgo-NS6kC&amp;q=knowledge&amp;source=gbs_word_cloud_r&amp;cad=4" term="knowledge" frequency="7"></term_type><term_type mm_name="google_book" location="http://books.google.com/books?id=CR-Zgo-NS6kC&amp;q=leaders&amp;source=gbs_word_cloud_r&amp;cad=4" term="leaders" frequency="5"></term_type><term_type mm_name="google_book" location="http://books.google.com/books?id=CR-Zgo-NS6kC&amp;q=Leadership+Quarterly&amp;source=gbs_word_cloud_r&amp;cad=4" term="Leadership Quarterly" frequency="9"></term_type><term_type mm_name="google_book" location="http://books.google.com/books?id=CR-Zgo-NS6kC&amp;q=level+of+analysis&amp;source=gbs_word_cloud_r&amp;cad=4" term="level of analysis" frequency="6"></term_type><term_type mm_name="google_book" location="http://books.google.com/books?id=CR-Zgo-NS6kC&amp;q=levels+of+creativity&amp;source=gbs_word_cloud_r&amp;cad=4" term="levels of creativity" frequency="7"></term_type><term_type mm_name="google_book" location="http://books.google.com/books?id=CR-Zgo-NS6kC&amp;q=Lubart&amp;source=gbs_word_cloud_r&amp;cad=4" term="Lubart" frequency="4"></term_type><term_type mm_name="google_book" location="http://books.google.com/books?id=CR-Zgo-NS6kC&amp;q=Management+Journal&amp;source=gbs_word_cloud_r&amp;cad=4" term="Management Journal" frequency="4"></term_type><term_type mm_name="google_book" location="http://books.google.com/books?id=CR-Zgo-NS6kC&amp;q=Management+Review&amp;source=gbs_word_cloud_r&amp;cad=4" term="Management Review" frequency="7"></term_type><term_type mm_name="google_book" location="http://books.google.com/books?id=CR-Zgo-NS6kC&amp;q=ment&amp;source=gbs_word_cloud_r&amp;cad=4" term="ment" frequency="8"></term_type><term_type mm_name="google_book" location="http://books.google.com/books?id=CR-Zgo-NS6kC&amp;q=multilevel&amp;source=gbs_word_cloud_r&amp;cad=4" term="multilevel" frequency="8"></term_type><term_type mm_name="google_book" location="http://books.google.com/books?id=CR-Zgo-NS6kC&amp;q=multilevel+model&amp;source=gbs_word_cloud_r&amp;cad=4" term="multilevel model" frequency="3"></term_type><term_type mm_name="google_book" location="http://books.google.com/books?id=CR-Zgo-NS6kC&amp;q=Mumford&amp;source=gbs_word_cloud_r&amp;cad=4" term="Mumford" frequency="7"></term_type><term_type mm_name="google_book" location="http://books.google.com/books?id=CR-Zgo-NS6kC&amp;q=negative&amp;source=gbs_word_cloud_r&amp;cad=4" term="negative" frequency="8"></term_type><term_type mm_name="google_book" location="http://books.google.com/books?id=CR-Zgo-NS6kC&amp;q=nizational&amp;source=gbs_word_cloud_r&amp;cad=4" term="nizational" frequency="8"></term_type><term_type mm_name="google_book" location="http://books.google.com/books?id=CR-Zgo-NS6kC&amp;q=novel&amp;source=gbs_word_cloud_r&amp;cad=4" term="novel" frequency="7"></term_type><term_type mm_name="google_book" location="http://books.google.com/books?id=CR-Zgo-NS6kC&amp;q=Oldham&amp;source=gbs_word_cloud_r&amp;cad=4" term="Oldham" frequency="2"></term_type><term_type mm_name="google_book" location="http://books.google.com/books?id=CR-Zgo-NS6kC&amp;q=orga&amp;source=gbs_word_cloud_r&amp;cad=4" term="orga" frequency="4"></term_type><term_type mm_name="google_book" location="http://books.google.com/books?id=CR-Zgo-NS6kC&amp;q=Organizational+Behavior&amp;source=gbs_word_cloud_r&amp;cad=4" term="Organizational Behavior" frequency="2"></term_type><term_type mm_name="google_book" location="http://books.google.com/books?id=CR-Zgo-NS6kC&amp;q=organizational+change&amp;source=gbs_word_cloud_r&amp;cad=4" term="organizational change" frequency="7"></term_type><term_type mm_name="google_book" location="http://books.google.com/books?id=CR-Zgo-NS6kC&amp;q=organizational+creativity+research&amp;source=gbs_word_cloud_r&amp;cad=4" term="organizational creativity research" frequency="8"></term_type><term_type mm_name="google_book" location="http://books.google.com/books?id=CR-Zgo-NS6kC&amp;q=organizational+studies&amp;source=gbs_word_cloud_r&amp;cad=4" term="organizational studies" frequency="4"></term_type><term_type mm_name="google_book" location="http://books.google.com/books?id=CR-Zgo-NS6kC&amp;q=Paulus&amp;source=gbs_word_cloud_r&amp;cad=4" term="Paulus" frequency="5"></term_type><term_type mm_name="google_book" location="http://books.google.com/books?id=CR-Zgo-NS6kC&amp;q=Perry-Smith&amp;source=gbs_word_cloud_r&amp;cad=4" term="Perry-Smith" frequency="5"></term_type><term_type mm_name="google_book" location="http://books.google.com/books?id=CR-Zgo-NS6kC&amp;q=perspective&amp;source=gbs_word_cloud_r&amp;cad=4" term="perspective" frequency="6"></term_type><term_type mm_name="google_book" location="http://books.google.com/books?id=CR-Zgo-NS6kC&amp;q=positive&amp;source=gbs_word_cloud_r&amp;cad=4" term="positive" frequency="7"></term_type><term_type mm_name="google_book" location="http://books.google.com/books?id=CR-Zgo-NS6kC&amp;q=potential&amp;source=gbs_word_cloud_r&amp;cad=4" term="potential" frequency="8"></term_type><term_type mm_name="google_book" location="http://books.google.com/books?id=CR-Zgo-NS6kC&amp;q=problem&amp;source=gbs_word_cloud_r&amp;cad=4" term="problem" frequency="5"></term_type><term_type mm_name="google_book" location="http://books.google.com/books?id=CR-Zgo-NS6kC&amp;q=professional&amp;source=gbs_word_cloud_r&amp;cad=4" term="professional" frequency="8"></term_type><term_type mm_name="google_book" location="http://books.google.com/books?id=CR-Zgo-NS6kC&amp;q=relationships&amp;source=gbs_word_cloud_r&amp;cad=4" term="relationships" frequency="6"></term_type><term_type mm_name="google_book" location="http://books.google.com/books?id=CR-Zgo-NS6kC&amp;q=result&amp;source=gbs_word_cloud_r&amp;cad=4" term="result" frequency="8"></term_type><term_type mm_name="google_book" location="http://books.google.com/books?id=CR-Zgo-NS6kC&amp;q=role+expectations&amp;source=gbs_word_cloud_r&amp;cad=4" term="role expectations" frequency="8"></term_type><term_type mm_name="google_book" location="http://books.google.com/books?id=CR-Zgo-NS6kC&amp;q=sensemaking&amp;source=gbs_word_cloud_r&amp;cad=4" term="sensemaking"></term_type><term_type mm_name="google_book" location="http://books.google.com/books?id=CR-Zgo-NS6kC&amp;q=Shalley&amp;source=gbs_word_cloud_r&amp;cad=4" term="Shalley" frequency="1"></term_type><term_type mm_name="google_book" location="http://books.google.com/books?id=CR-Zgo-NS6kC&amp;q=skills&amp;source=gbs_word_cloud_r&amp;cad=4" term="skills" frequency="8"></term_type><term_type mm_name="google_book" location="http://books.google.com/books?id=CR-Zgo-NS6kC&amp;q=social+network&amp;source=gbs_word_cloud_r&amp;cad=4" term="social network" frequency="3"></term_type><term_type mm_name="google_book" location="http://books.google.com/books?id=CR-Zgo-NS6kC&amp;q=Social+Psychology&amp;source=gbs_word_cloud_r&amp;cad=4" term="Social Psychology" frequency="2"></term_type><term_type mm_name="google_book" location="http://books.google.com/books?id=CR-Zgo-NS6kC&amp;q=solutions&amp;source=gbs_word_cloud_r&amp;cad=4" term="solutions" frequency="8"></term_type><term_type mm_name="google_book" location="http://books.google.com/books?id=CR-Zgo-NS6kC&amp;q=specific&amp;source=gbs_word_cloud_r&amp;cad=4" term="specific" frequency="8"></term_type><term_type mm_name="google_book" location="http://books.google.com/books?id=CR-Zgo-NS6kC&amp;q=studies&amp;source=gbs_word_cloud_r&amp;cad=4" term="studies" frequency="4"></term_type><term_type mm_name="google_book" location="http://books.google.com/books?id=CR-Zgo-NS6kC&amp;q=style&amp;source=gbs_word_cloud_r&amp;cad=4" term="style" frequency="8"></term_type><term_type mm_name="google_book" location="http://books.google.com/books?id=CR-Zgo-NS6kC&amp;q=suggests&amp;source=gbs_word_cloud_r&amp;cad=4" term="suggests" frequency="6"></term_type><term_type mm_name="google_book" location="http://books.google.com/books?id=CR-Zgo-NS6kC&amp;q=supervisors&amp;source=gbs_word_cloud_r&amp;cad=4" term="supervisors" frequency="8"></term_type><term_type mm_name="google_book" location="http://books.google.com/books?id=CR-Zgo-NS6kC&amp;q=task&amp;source=gbs_word_cloud_r&amp;cad=4" term="task" frequency="6"></term_type><term_type mm_name="google_book" location="http://books.google.com/books?id=CR-Zgo-NS6kC&amp;q=teams&amp;source=gbs_word_cloud_r&amp;cad=4" term="teams"></term_type><term_type mm_name="google_book" location="http://books.google.com/books?id=CR-Zgo-NS6kC&amp;q=theory&amp;source=gbs_word_cloud_r&amp;cad=4" term="theory" frequency="4"></term_type><term_type mm_name="google_book" location="http://books.google.com/books?id=CR-Zgo-NS6kC&amp;q=tion&amp;source=gbs_word_cloud_r&amp;cad=4" term="tion" frequency="4"></term_type><term_type mm_name="google_book" location="http://books.google.com/books?id=CR-Zgo-NS6kC&amp;q=transformational+leadership&amp;source=gbs_word_cloud_r&amp;cad=4" term="transformational leadership" frequency="4"></term_type><term_type mm_name="google_book" location="http://books.google.com/books?id=CR-Zgo-NS6kC&amp;q=types&amp;source=gbs_word_cloud_r&amp;cad=4" term="types" frequency="9"></term_type><term_type mm_name="google_book" location="http://books.google.com/books?id=CR-Zgo-NS6kC&amp;q=understanding&amp;source=gbs_word_cloud_r&amp;cad=4" term="understanding" frequency="9"></term_type><term_type mm_name="google_book" location="http://books.google.com/books?id=CR-Zgo-NS6kC&amp;q=Woodman&amp;source=gbs_word_cloud_r&amp;cad=4" term="Woodman" frequency="7"></term_type><term_type mm_name="google_book" location="http://books.google.com/books?id=CR-Zgo-NS6kC&amp;q=workplace&amp;source=gbs_word_cloud_r&amp;cad=4" term="workplace" frequency="9"></term_type><term_type mm_name="google_book" location="http://books.google.com/books?id=CR-Zgo-NS6kC&amp;q=Zhou&amp;source=gbs_word_cloud_r&amp;cad=4" term="Zhou" frequency="2"></term_type></common_terms><editors><author mm_name="google_search" location="http://www.google.com/search?tbo=p&amp;tbm=bks&amp;q=+inauthor:%22Jing+Zhou%22&amp;source=gbs_metadata_r&amp;cad=7"></author><author mm_name="google_search" location="http://www.google.com/search?tbo=p&amp;tbm=bks&amp;q=+inauthor:%22Christina+Shalley%22&amp;source=gbs_metadata_r&amp;cad=7"></author></editors><references_from_books><google_book location="http://books.google.com/books?id=Susr8vzIwxoC&amp;vq=%22Handbook+of+organizational+creativity%22&amp;source=gbs_citations_module_r&amp;cad=5" title="Creativity 101&#226;&#8364;&#381;" description="This volume is a comprehensive and cutting-edge reference book reflecting current knowledge in the rapidly growing area of organizational creativity. The contributors to this volume are all leading researchers in the field of organizational creativity. This volume (a) provides a historical review of organizational creativity theory and research; (b) presents critical reviews and summaries of research on micro, meso, and macro topics (e.g., leadership, feedback, goals and role expectations, groups and teams, social networks, climate and culture, deep structures, sense-making processes, and creativity and organizational change) concerning organizational creativity; (c) demonstrates contributions of creativity to individual work outcomes and organizational success; and (d) discusses emerging areas and highlights promising future research trends. Professors and graduate students in management (e.g., organizational behavior, organizational theory, entrepreneurship, strategic management, human resource management, and change management) and psychology (e.g., industrial and organizational psychology, social psychology, and educational psychology) will find this volume most beneficial. Professors and graduate students in marketing, sociology, and education also may find this book useful and relevant. Thoughtful managers and executives, professionals and knowledge workers, and aspiring managers and MBA students also would find this book beneficial in sharpening their thinking, and helping them to identify the right tools for managing creativity. Also from LEA/Psychology Press Elsbach: Organizational Perception Management, 2006, ISBN # 0-8058-4796-3 Ostroff-Judge: Perspectives in Organizational Fit, 2007, ISBN# 0-8058-5195-X" isbn="0805840729, 9780805840728" pages="393" cover_image="http://bks3.books.google.com/books?id=CR-Zgo-NS6kC&amp;printsec=frontcover&amp;img=1&amp;zoom=1&amp;edge=curl&amp;sig=ACfU3U2nTFSM4hfRx7ZGhMVIRjMmk6SKBA" category="Business &amp; Economics"><authors><author mm_name="google_search" location="http://www.google.com/search?tbo=p&amp;tbm=bks&amp;q=+inauthor:%22James+C.+Kaufman%22"></author></authors><publisher></publisher><subjects><subject mm_name="google_search" location="http://www.google.com/search?tbo=p&amp;tbm=bks&amp;q=+subject:%22Business+%26+Economics+/+Motivational%22&amp;source=gbs_metadata_r&amp;cad=7" subject="Business &amp; Economics / Motivational"></subject><subject mm_name="google_search" location="http://www.google.com/search?tbo=p&amp;tbm=bks&amp;q=+subject:%22Business+%26+Economics+/+Structural+Adjustment%22&amp;source=gbs_metadata_r&amp;cad=7" subject="Business &amp; Economics / Structural Adjustment"></subject><subject mm_name="google_search" location="http://www.google.com/search?tbo=p&amp;tbm=bks&amp;q=+subject:%22Creative+ability+in+business%22&amp;source=gbs_metadata_r&amp;cad=7" subject="Creative ability in business"></subject><subject mm_name="google_search" location="http://www.google.com/search?tbo=p&amp;tbm=bks&amp;q=+subject:%22Employee+motivation%22&amp;source=gbs_metadata_r&amp;cad=7" subject="Employee motivation"></subject><subject mm_name="google_search" location="http://www.google.com/search?tbo=p&amp;tbm=bks&amp;q=+subject:%22Empolyee+motivation%22&amp;source=gbs_metadata_r&amp;cad=7" subject="Empolyee motivation"></subject><subject mm_name="google_search" location="http://www.google.com/search?tbo=p&amp;tbm=bks&amp;q=+subject:%22Psychology+/+General%22&amp;source=gbs_metadata_r&amp;cad=7" subject="Psychology / General"></subject><subject mm_name="google_search" location="http://www.google.com/search?tbo=p&amp;tbm=bks&amp;q=+subject:%22Psychology+/+Industrial+%26+Organizational+Psychology%22&amp;source=gbs_metadata_r&amp;cad=7" subject="Psychology / Industrial &amp; Organizational Psychology"></subject></subjects><common_terms><term_type mm_name="google_book" location="http://books.google.com/books?id=CR-Zgo-NS6kC&amp;q=Academy+of+Management&amp;source=gbs_word_cloud_r&amp;cad=4" term="Academy of Management" frequency="2"></term_type><term_type mm_name="google_book" location="http://books.google.com/books?id=CR-Zgo-NS6kC&amp;q=action&amp;source=gbs_word_cloud_r&amp;cad=4" term="action" frequency="8"></term_type><term_type mm_name="google_book" location="http://books.google.com/books?id=CR-Zgo-NS6kC&amp;q=Administrative+Science+Quarterly&amp;source=gbs_word_cloud_r&amp;cad=4" term="Administrative Science Quarterly" frequency="8"></term_type><term_type mm_name="google_book" location="http://books.google.com/books?id=CR-Zgo-NS6kC&amp;q=Amabile&amp;source=gbs_word_cloud_r&amp;cad=4" term="Amabile"></term_type><term_type mm_name="google_book" location="http://books.google.com/books?id=CR-Zgo-NS6kC&amp;q=Applied+Psychology&amp;source=gbs_word_cloud_r&amp;cad=4" term="Applied Psychology" frequency="6"></term_type><term_type mm_name="google_book" location="http://books.google.com/books?id=CR-Zgo-NS6kC&amp;q=assessment&amp;source=gbs_word_cloud_r&amp;cad=4" term="assessment" frequency="7"></term_type><term_type mm_name="google_book" location="http://books.google.com/books?id=CR-Zgo-NS6kC&amp;q=ativity&amp;source=gbs_word_cloud_r&amp;cad=4" term="ativity" frequency="4"></term_type><term_type mm_name="google_book" location="http://books.google.com/books?id=CR-Zgo-NS6kC&amp;q=brainstorming&amp;source=gbs_word_cloud_r&amp;cad=4" term="brainstorming" frequency="3"></term_type><term_type mm_name="google_book" location="http://books.google.com/books?id=CR-Zgo-NS6kC&amp;q=climate&amp;source=gbs_word_cloud_r&amp;cad=4" term="climate" frequency="8"></term_type><term_type mm_name="google_book" location="http://books.google.com/books?id=CR-Zgo-NS6kC&amp;q=cognitive&amp;source=gbs_word_cloud_r&amp;cad=4" term="cognitive" frequency="4"></term_type><term_type mm_name="google_book" location="http://books.google.com/books?id=CR-Zgo-NS6kC&amp;q=community+of+practice&amp;source=gbs_word_cloud_r&amp;cad=4" term="community of practice" frequency="2"></term_type><term_type mm_name="google_book" location="http://books.google.com/books?id=CR-Zgo-NS6kC&amp;q=context&amp;source=gbs_word_cloud_r&amp;cad=4" term="context" frequency="4"></term_type><term_type mm_name="google_book" location="http://books.google.com/books?id=CR-Zgo-NS6kC&amp;q=creative+activity&amp;source=gbs_word_cloud_r&amp;cad=4" term="creative activity" frequency="5"></term_type><term_type mm_name="google_book" location="http://books.google.com/books?id=CR-Zgo-NS6kC&amp;q=Creative+Behavior&amp;source=gbs_word_cloud_r&amp;cad=4" term="Creative Behavior" frequency="8"></term_type><term_type mm_name="google_book" location="http://books.google.com/books?id=CR-Zgo-NS6kC&amp;q=creative+outcomes&amp;source=gbs_word_cloud_r&amp;cad=4" term="creative outcomes" frequency="9"></term_type><term_type mm_name="google_book" location="http://books.google.com/books?id=CR-Zgo-NS6kC&amp;q=creative+performance&amp;source=gbs_word_cloud_r&amp;cad=4" term="creative performance" frequency="3"></term_type><term_type mm_name="google_book" location="http://books.google.com/books?id=CR-Zgo-NS6kC&amp;q=creative+process&amp;source=gbs_word_cloud_r&amp;cad=4" term="creative process" frequency="5"></term_type><term_type mm_name="google_book" location="http://books.google.com/books?id=CR-Zgo-NS6kC&amp;q=creativity+and+innovation&amp;source=gbs_word_cloud_r&amp;cad=4" term="creativity and innovation" frequency="7"></term_type><term_type mm_name="google_book" location="http://books.google.com/books?id=CR-Zgo-NS6kC&amp;q=creativity+goal&amp;source=gbs_word_cloud_r&amp;cad=4" term="creativity goal" frequency="9"></term_type><term_type mm_name="google_book" location="http://books.google.com/books?id=CR-Zgo-NS6kC&amp;q=creativity-relevant&amp;source=gbs_word_cloud_r&amp;cad=4" term="creativity-relevant" frequency="9"></term_type><term_type mm_name="google_book" location="http://books.google.com/books?id=CR-Zgo-NS6kC&amp;q=Csikszentmihalyi&amp;source=gbs_word_cloud_r&amp;cad=4" term="Csikszentmihalyi" frequency="9"></term_type><term_type mm_name="google_book" location="http://books.google.com/books?id=CR-Zgo-NS6kC&amp;q=domain&amp;source=gbs_word_cloud_r&amp;cad=4" term="domain" frequency="8"></term_type><term_type mm_name="google_book" location="http://books.google.com/books?id=CR-Zgo-NS6kC&amp;q=effects&amp;source=gbs_word_cloud_r&amp;cad=4" term="effects" frequency="3"></term_type><term_type mm_name="google_book" location="http://books.google.com/books?id=CR-Zgo-NS6kC&amp;q=emotional&amp;source=gbs_word_cloud_r&amp;cad=4" term="emotional" frequency="9"></term_type><term_type mm_name="google_book" location="http://books.google.com/books?id=CR-Zgo-NS6kC&amp;q=emotional+intelligence&amp;source=gbs_word_cloud_r&amp;cad=4" term="emotional intelligence" frequency="3"></term_type><term_type mm_name="google_book" location="http://books.google.com/books?id=CR-Zgo-NS6kC&amp;q=employee+creativity&amp;source=gbs_word_cloud_r&amp;cad=4" term="employee creativity" frequency="3"></term_type><term_type mm_name="google_book" location="http://books.google.com/books?id=CR-Zgo-NS6kC&amp;q=environment&amp;source=gbs_word_cloud_r&amp;cad=4" term="environment" frequency="4"></term_type><term_type mm_name="google_book" location="http://books.google.com/books?id=CR-Zgo-NS6kC&amp;q=examined&amp;source=gbs_word_cloud_r&amp;cad=4" term="examined" frequency="8"></term_type><term_type mm_name="google_book" location="http://books.google.com/books?id=CR-Zgo-NS6kC&amp;q=example&amp;source=gbs_word_cloud_r&amp;cad=4" term="example" frequency="8"></term_type><term_type mm_name="google_book" location="http://books.google.com/books?id=CR-Zgo-NS6kC&amp;q=expected+evaluation&amp;source=gbs_word_cloud_r&amp;cad=4" term="expected evaluation" frequency="8"></term_type><term_type mm_name="google_book" location="http://books.google.com/books?id=CR-Zgo-NS6kC&amp;q=feedback&amp;source=gbs_word_cloud_r&amp;cad=4" term="feedback"></term_type><term_type mm_name="google_book" location="http://books.google.com/books?id=CR-Zgo-NS6kC&amp;q=focused&amp;source=gbs_word_cloud_r&amp;cad=4" term="focused" frequency="7"></term_type><term_type mm_name="google_book" location="http://books.google.com/books?id=CR-Zgo-NS6kC&amp;q=Ford&amp;source=gbs_word_cloud_r&amp;cad=4" term="Ford" frequency="9"></term_type><term_type mm_name="google_book" location="http://books.google.com/books?id=CR-Zgo-NS6kC&amp;q=Gilson&amp;source=gbs_word_cloud_r&amp;cad=4" term="Gilson" frequency="8"></term_type><term_type mm_name="google_book" location="http://books.google.com/books?id=CR-Zgo-NS6kC&amp;q=Hargadon&amp;source=gbs_word_cloud_r&amp;cad=4" term="Hargadon" frequency="7"></term_type><term_type mm_name="google_book" location="http://books.google.com/books?id=CR-Zgo-NS6kC&amp;q=implementation&amp;source=gbs_word_cloud_r&amp;cad=4" term="implementation" frequency="9"></term_type><term_type mm_name="google_book" location="http://books.google.com/books?id=CR-Zgo-NS6kC&amp;q=individual+creativity&amp;source=gbs_word_cloud_r&amp;cad=4" term="individual creativity" frequency="7"></term_type><term_type mm_name="google_book" location="http://books.google.com/books?id=CR-Zgo-NS6kC&amp;q=individual%E2%80%99s&amp;source=gbs_word_cloud_r&amp;cad=4" term="individual&#226;&#8364;&#8482;s" frequency="7"></term_type><term_type mm_name="google_book" location="http://books.google.com/books?id=CR-Zgo-NS6kC&amp;q=influence&amp;source=gbs_word_cloud_r&amp;cad=4" term="influence" frequency="6"></term_type><term_type mm_name="google_book" location="http://books.google.com/books?id=CR-Zgo-NS6kC&amp;q=interactions&amp;source=gbs_word_cloud_r&amp;cad=4" term="interactions" frequency="6"></term_type><term_type mm_name="google_book" location="http://books.google.com/books?id=CR-Zgo-NS6kC&amp;q=intrinsic+motivation&amp;source=gbs_word_cloud_r&amp;cad=4" term="intrinsic motivation" frequency="1"></term_type><term_type mm_name="google_book" location="http://books.google.com/books?id=CR-Zgo-NS6kC&amp;q=Journal+of+Applied&amp;source=gbs_word_cloud_r&amp;cad=4" term="Journal of Applied" frequency="7"></term_type><term_type mm_name="google_book" location="http://books.google.com/books?id=CR-Zgo-NS6kC&amp;q=Journal+of+Personality&amp;source=gbs_word_cloud_r&amp;cad=4" term="Journal of Personality" frequency="9"></term_type><term_type mm_name="google_book" location="http://books.google.com/books?id=CR-Zgo-NS6kC&amp;q=knowledge&amp;source=gbs_word_cloud_r&amp;cad=4" term="knowledge" frequency="7"></term_type><term_type mm_name="google_book" location="http://books.google.com/books?id=CR-Zgo-NS6kC&amp;q=leaders&amp;source=gbs_word_cloud_r&amp;cad=4" term="leaders" frequency="5"></term_type><term_type mm_name="google_book" location="http://books.google.com/books?id=CR-Zgo-NS6kC&amp;q=Leadership+Quarterly&amp;source=gbs_word_cloud_r&amp;cad=4" term="Leadership Quarterly" frequency="9"></term_type><term_type mm_name="google_book" location="http://books.google.com/books?id=CR-Zgo-NS6kC&amp;q=level+of+analysis&amp;source=gbs_word_cloud_r&amp;cad=4" term="level of analysis" frequency="6"></term_type><term_type mm_name="google_book" location="http://books.google.com/books?id=CR-Zgo-NS6kC&amp;q=levels+of+creativity&amp;source=gbs_word_cloud_r&amp;cad=4" term="levels of creativity" frequency="7"></term_type><term_type mm_name="google_book" location="http://books.google.com/books?id=CR-Zgo-NS6kC&amp;q=Lubart&amp;source=gbs_word_cloud_r&amp;cad=4" term="Lubart" frequency="4"></term_type><term_type mm_name="google_book" location="http://books.google.com/books?id=CR-Zgo-NS6kC&amp;q=Management+Journal&amp;source=gbs_word_cloud_r&amp;cad=4" term="Management Journal" frequency="4"></term_type><term_type mm_name="google_book" location="http://books.google.com/books?id=CR-Zgo-NS6kC&amp;q=Management+Review&amp;source=gbs_word_cloud_r&amp;cad=4" term="Management Review" frequency="7"></term_type><term_type mm_name="google_book" location="http://books.google.com/books?id=CR-Zgo-NS6kC&amp;q=ment&amp;source=gbs_word_cloud_r&amp;cad=4" term="ment" frequency="8"></term_type><term_type mm_name="google_book" location="http://books.google.com/books?id=CR-Zgo-NS6kC&amp;q=multilevel&amp;source=gbs_word_cloud_r&amp;cad=4" term="multilevel" frequency="8"></term_type><term_type mm_name="google_book" location="http://books.google.com/books?id=CR-Zgo-NS6kC&amp;q=multilevel+model&amp;source=gbs_word_cloud_r&amp;cad=4" term="multilevel model" frequency="3"></term_type><term_type mm_name="google_book" location="http://books.google.com/books?id=CR-Zgo-NS6kC&amp;q=Mumford&amp;source=gbs_word_cloud_r&amp;cad=4" term="Mumford" frequency="7"></term_type><term_type mm_name="google_book" location="http://books.google.com/books?id=CR-Zgo-NS6kC&amp;q=negative&amp;source=gbs_word_cloud_r&amp;cad=4" term="negative" frequency="8"></term_type><term_type mm_name="google_book" location="http://books.google.com/books?id=CR-Zgo-NS6kC&amp;q=nizational&amp;source=gbs_word_cloud_r&amp;cad=4" term="nizational" frequency="8"></term_type><term_type mm_name="google_book" location="http://books.google.com/books?id=CR-Zgo-NS6kC&amp;q=novel&amp;source=gbs_word_cloud_r&amp;cad=4" term="novel" frequency="7"></term_type><term_type mm_name="google_book" location="http://books.google.com/books?id=CR-Zgo-NS6kC&amp;q=Oldham&amp;source=gbs_word_cloud_r&amp;cad=4" term="Oldham" frequency="2"></term_type><term_type mm_name="google_book" location="http://books.google.com/books?id=CR-Zgo-NS6kC&amp;q=orga&amp;source=gbs_word_cloud_r&amp;cad=4" term="orga" frequency="4"></term_type><term_type mm_name="google_book" location="http://books.google.com/books?id=CR-Zgo-NS6kC&amp;q=Organizational+Behavior&amp;source=gbs_word_cloud_r&amp;cad=4" term="Organizational Behavior" frequency="2"></term_type><term_type mm_name="google_book" location="http://books.google.com/books?id=CR-Zgo-NS6kC&amp;q=organizational+change&amp;source=gbs_word_cloud_r&amp;cad=4" term="organizational change" frequency="7"></term_type><term_type mm_name="google_book" location="http://books.google.com/books?id=CR-Zgo-NS6kC&amp;q=organizational+creativity+research&amp;source=gbs_word_cloud_r&amp;cad=4" term="organizational creativity research" frequency="8"></term_type><term_type mm_name="google_book" location="http://books.google.com/books?id=CR-Zgo-NS6kC&amp;q=organizational+studies&amp;source=gbs_word_cloud_r&amp;cad=4" term="organizational studies" frequency="4"></term_type><term_type mm_name="google_book" location="http://books.google.com/books?id=CR-Zgo-NS6kC&amp;q=Paulus&amp;source=gbs_word_cloud_r&amp;cad=4" term="Paulus" frequency="5"></term_type><term_type mm_name="google_book" location="http://books.google.com/books?id=CR-Zgo-NS6kC&amp;q=Perry-Smith&amp;source=gbs_word_cloud_r&amp;cad=4" term="Perry-Smith" frequency="5"></term_type><term_type mm_name="google_book" location="http://books.google.com/books?id=CR-Zgo-NS6kC&amp;q=perspective&amp;source=gbs_word_cloud_r&amp;cad=4" term="perspective" frequency="6"></term_type><term_type mm_name="google_book" location="http://books.google.com/books?id=CR-Zgo-NS6kC&amp;q=positive&amp;source=gbs_word_cloud_r&amp;cad=4" term="positive" frequency="7"></term_type><term_type mm_name="google_book" location="http://books.google.com/books?id=CR-Zgo-NS6kC&amp;q=potential&amp;source=gbs_word_cloud_r&amp;cad=4" term="potential" frequency="8"></term_type><term_type mm_name="google_book" location="http://books.google.com/books?id=CR-Zgo-NS6kC&amp;q=problem&amp;source=gbs_word_cloud_r&amp;cad=4" term="problem" frequency="5"></term_type><term_type mm_name="google_book" location="http://books.google.com/books?id=CR-Zgo-NS6kC&amp;q=professional&amp;source=gbs_word_cloud_r&amp;cad=4" term="professional" frequency="8"></term_type><term_type mm_name="google_book" location="http://books.google.com/books?id=CR-Zgo-NS6kC&amp;q=relationships&amp;source=gbs_word_cloud_r&amp;cad=4" term="relationships" frequency="6"></term_type><term_type mm_name="google_book" location="http://books.google.com/books?id=CR-Zgo-NS6kC&amp;q=result&amp;source=gbs_word_cloud_r&amp;cad=4" term="result" frequency="8"></term_type><term_type mm_name="google_book" location="http://books.google.com/books?id=CR-Zgo-NS6kC&amp;q=role+expectations&amp;source=gbs_word_cloud_r&amp;cad=4" term="role expectations" frequency="8"></term_type><term_type mm_name="google_book" location="http://books.google.com/books?id=CR-Zgo-NS6kC&amp;q=sensemaking&amp;source=gbs_word_cloud_r&amp;cad=4" term="sensemaking"></term_type><term_type mm_name="google_book" location="http://books.google.com/books?id=CR-Zgo-NS6kC&amp;q=Shalley&amp;source=gbs_word_cloud_r&amp;cad=4" term="Shalley" frequency="1"></term_type><term_type mm_name="google_book" location="http://books.google.com/books?id=CR-Zgo-NS6kC&amp;q=skills&amp;source=gbs_word_cloud_r&amp;cad=4" term="skills" frequency="8"></term_type><term_type mm_name="google_book" location="http://books.google.com/books?id=CR-Zgo-NS6kC&amp;q=social+network&amp;source=gbs_word_cloud_r&amp;cad=4" term="social network" frequency="3"></term_type><term_type mm_name="google_book" location="http://books.google.com/books?id=CR-Zgo-NS6kC&amp;q=Social+Psychology&amp;source=gbs_word_cloud_r&amp;cad=4" term="Social Psychology" frequency="2"></term_type><term_type mm_name="google_book" location="http://books.google.com/books?id=CR-Zgo-NS6kC&amp;q=solutions&amp;source=gbs_word_cloud_r&amp;cad=4" term="solutions" frequency="8"></term_type><term_type mm_name="google_book" location="http://books.google.com/books?id=CR-Zgo-NS6kC&amp;q=specific&amp;source=gbs_word_cloud_r&amp;cad=4" term="specific" frequency="8"></term_type><term_type mm_name="google_book" location="http://books.google.com/books?id=CR-Zgo-NS6kC&amp;q=studies&amp;source=gbs_word_cloud_r&amp;cad=4" term="studies" frequency="4"></term_type><term_type mm_name="google_book" location="http://books.google.com/books?id=CR-Zgo-NS6kC&amp;q=style&amp;source=gbs_word_cloud_r&amp;cad=4" term="style" frequency="8"></term_type><term_type mm_name="google_book" location="http://books.google.com/books?id=CR-Zgo-NS6kC&amp;q=suggests&amp;source=gbs_word_cloud_r&amp;cad=4" term="suggests" frequency="6"></term_type><term_type mm_name="google_book" location="http://books.google.com/books?id=CR-Zgo-NS6kC&amp;q=supervisors&amp;source=gbs_word_cloud_r&amp;cad=4" term="supervisors" frequency="8"></term_type><term_type mm_name="google_book" location="http://books.google.com/books?id=CR-Zgo-NS6kC&amp;q=task&amp;source=gbs_word_cloud_r&amp;cad=4" term="task" frequency="6"></term_type><term_type mm_name="google_book" location="http://books.google.com/books?id=CR-Zgo-NS6kC&amp;q=teams&amp;source=gbs_word_cloud_r&amp;cad=4" term="teams"></term_type><term_type mm_name="google_book" location="http://books.google.com/books?id=CR-Zgo-NS6kC&amp;q=theory&amp;source=gbs_word_cloud_r&amp;cad=4" term="theory" frequency="4"></term_type><term_type mm_name="google_book" location="http://books.google.com/books?id=CR-Zgo-NS6kC&amp;q=tion&amp;source=gbs_word_cloud_r&amp;cad=4" term="tion" frequency="4"></term_type><term_type mm_name="google_book" location="http://books.google.com/books?id=CR-Zgo-NS6kC&amp;q=transformational+leadership&amp;source=gbs_word_cloud_r&amp;cad=4" term="transformational leadership" frequency="4"></term_type><term_type mm_name="google_book" location="http://books.google.com/books?id=CR-Zgo-NS6kC&amp;q=types&amp;source=gbs_word_cloud_r&amp;cad=4" term="types" frequency="9"></term_type><term_type mm_name="google_book" location="http://books.google.com/books?id=CR-Zgo-NS6kC&amp;q=understanding&amp;source=gbs_word_cloud_r&amp;cad=4" term="understanding" frequency="9"></term_type><term_type mm_name="google_book" location="http://books.google.com/books?id=CR-Zgo-NS6kC&amp;q=Woodman&amp;source=gbs_word_cloud_r&amp;cad=4" term="Woodman" frequency="7"></term_type><term_type mm_name="google_book" location="http://books.google.com/books?id=CR-Zgo-NS6kC&amp;q=workplace&amp;source=gbs_word_cloud_r&amp;cad=4" term="workplace" frequency="9"></term_type><term_type mm_name="google_book" location="http://books.google.com/books?id=CR-Zgo-NS6kC&amp;q=Zhou&amp;source=gbs_word_cloud_r&amp;cad=4" term="Zhou" frequency="2"></term_type></common_terms><editors><author mm_name="google_search" location="http://www.google.com/search?tbo=p&amp;tbm=bks&amp;q=+inauthor:%22Jing+Zhou%22&amp;source=gbs_metadata_r&amp;cad=7"></author><author mm_name="google_search" location="http://www.google.com/search?tbo=p&amp;tbm=bks&amp;q=+inauthor:%22Christina+Shalley%22&amp;source=gbs_metadata_r&amp;cad=7"></author></editors><selected_pages><page mm_name="google_book" location="http://books.google.com/books?id=CR-Zgo-NS6kC&amp;pg=PR3&amp;source=gbs_selected_pages&amp;cad=3"></page><page mm_name="google_book" location="http://books.google.com/books?id=CR-Zgo-NS6kC&amp;pg=PR7&amp;source=gbs_selected_pages&amp;cad=3"></page><page mm_name="google_book" location="http://books.google.com/books?id=CR-Zgo-NS6kC&amp;pg=PA369&amp;source=gbs_selected_pages&amp;cad=3"></page><page mm_name="google_book" location="http://books.google.com/books?id=CR-Zgo-NS6kC&amp;pg=PA320&amp;source=gbs_selected_pages&amp;cad=3"></page></selected_pages></google_book></references_from_books><selected_pages><page mm_name="google_book" location="http://books.google.com/books?id=CR-Zgo-NS6kC&amp;pg=PR3&amp;source=gbs_selected_pages&amp;cad=3"></page><page mm_name="google_book" location="http://books.google.com/books?id=CR-Zgo-NS6kC&amp;pg=PR7&amp;source=gbs_selected_pages&amp;cad=3"></page><page mm_name="google_book" location="http://books.google.com/books?id=CR-Zgo-NS6kC&amp;pg=PA369&amp;source=gbs_selected_pages&amp;cad=3"></page><page mm_name="google_book" location="http://books.google.com/books?id=CR-Zgo-NS6kC&amp;pg=PA320&amp;source=gbs_selected_pages&amp;cad=3"></page></selected_pages></google_book></source_doc></text_clipping><text_clipping text="evaluation"><source_doc><document location="https://docs.google.com/document/d/1E8xLkpj4pRaCrs1Nl_Nz6_HQCC4SXfT7epN9VYoE6k4/edit?hl=en&amp;authkey=CJy1u9gJ" title="Evaluation"></document></source_doc></text_clipping></clippings><composition_space extent="0 0 0 0" is_active="true" is_interactive="true" z_index="-1"></composition_space></information_composition>